mode: set
github.com/portainer/portainer-mcp/cmd/portainer-mcp/mcp.go:26.13,43.43 10 0
github.com/portainer/portainer-mcp/cmd/portainer-mcp/mcp.go:43.43,45.3 1 0
github.com/portainer/portainer-mcp/cmd/portainer-mcp/mcp.go:47.2,48.21 2 0
github.com/portainer/portainer-mcp/cmd/portainer-mcp/mcp.go:48.21,50.3 1 0
github.com/portainer/portainer-mcp/cmd/portainer-mcp/mcp.go:54.2,55.16 2 0
github.com/portainer/portainer-mcp/cmd/portainer-mcp/mcp.go:55.16,57.3 1 0
github.com/portainer/portainer-mcp/cmd/portainer-mcp/mcp.go:59.2,59.12 1 0
github.com/portainer/portainer-mcp/cmd/portainer-mcp/mcp.go:59.12,61.3 1 0
github.com/portainer/portainer-mcp/cmd/portainer-mcp/mcp.go:61.8,63.3 1 0
github.com/portainer/portainer-mcp/cmd/portainer-mcp/mcp.go:65.2,75.16 3 0
github.com/portainer/portainer-mcp/cmd/portainer-mcp/mcp.go:75.16,77.3 1 0
github.com/portainer/portainer-mcp/cmd/portainer-mcp/mcp.go:79.2,79.24 1 0
github.com/portainer/portainer-mcp/cmd/portainer-mcp/mcp.go:79.24,104.3 24 0
github.com/portainer/portainer-mcp/cmd/portainer-mcp/mcp.go:104.8,106.3 1 0
github.com/portainer/portainer-mcp/cmd/portainer-mcp/mcp.go:108.2,109.16 2 0
github.com/portainer/portainer-mcp/cmd/portainer-mcp/mcp.go:109.16,111.3 1 0
github.com/portainer/portainer-mcp/cmd/token-count/token.go:22.13,27.26 4 0
github.com/portainer/portainer-mcp/cmd/token-count/token.go:27.26,29.3 1 0
github.com/portainer/portainer-mcp/cmd/token-count/token.go:30.2,30.23 1 0
github.com/portainer/portainer-mcp/cmd/token-count/token.go:30.23,32.3 1 0
github.com/portainer/portainer-mcp/cmd/token-count/token.go:34.2,35.16 2 0
github.com/portainer/portainer-mcp/cmd/token-count/token.go:35.16,37.3 1 0
github.com/portainer/portainer-mcp/cmd/token-count/token.go:40.2,41.29 2 0
github.com/portainer/portainer-mcp/cmd/token-count/token.go:41.29,50.3 2 0
github.com/portainer/portainer-mcp/cmd/token-count/token.go:52.2,53.16 2 0
github.com/portainer/portainer-mcp/cmd/token-count/token.go:53.16,55.3 1 0
github.com/portainer/portainer-mcp/cmd/token-count/token.go:57.2,58.16 2 0
github.com/portainer/portainer-mcp/cmd/token-count/token.go:58.16,60.3 1 0
github.com/portainer/portainer-mcp/cmd/token-count/token.go:62.2,62.82 1 0
github.com/portainer/portainer-mcp/internal/k8sutil/stripper.go:17.86,18.37 1 1
github.com/portainer/portainer-mcp/internal/k8sutil/stripper.go:18.37,20.3 1 1
github.com/portainer/portainer-mcp/internal/k8sutil/stripper.go:22.2,23.16 2 1
github.com/portainer/portainer-mcp/internal/k8sutil/stripper.go:23.16,25.3 1 0
github.com/portainer/portainer-mcp/internal/k8sutil/stripper.go:26.2,26.12 1 1
github.com/portainer/portainer-mcp/internal/k8sutil/stripper.go:26.12,28.3 1 1
github.com/portainer/portainer-mcp/internal/k8sutil/stripper.go:30.2,31.9 2 1
github.com/portainer/portainer-mcp/internal/k8sutil/stripper.go:31.9,33.3 1 1
github.com/portainer/portainer-mcp/internal/k8sutil/stripper.go:36.2,43.16 3 1
github.com/portainer/portainer-mcp/internal/k8sutil/stripper.go:43.16,45.3 1 0
github.com/portainer/portainer-mcp/internal/k8sutil/stripper.go:46.2,46.12 1 1
github.com/portainer/portainer-mcp/internal/k8sutil/stripper.go:52.79,53.21 1 1
github.com/portainer/portainer-mcp/internal/k8sutil/stripper.go:53.21,55.3 1 1
github.com/portainer/portainer-mcp/internal/k8sutil/stripper.go:56.2,56.26 1 1
github.com/portainer/portainer-mcp/internal/k8sutil/stripper.go:56.26,57.81 1 1
github.com/portainer/portainer-mcp/internal/k8sutil/stripper.go:57.81,59.4 1 1
github.com/portainer/portainer-mcp/internal/k8sutil/stripper.go:60.3,60.23 1 1
github.com/portainer/portainer-mcp/internal/k8sutil/stripper.go:62.2,67.16 4 1
github.com/portainer/portainer-mcp/internal/k8sutil/stripper.go:67.16,69.3 1 1
github.com/portainer/portainer-mcp/internal/k8sutil/stripper.go:71.2,71.25 1 1
github.com/portainer/portainer-mcp/internal/k8sutil/stripper.go:71.25,73.3 1 1
github.com/portainer/portainer-mcp/internal/k8sutil/stripper.go:75.2,76.54 2 1
github.com/portainer/portainer-mcp/internal/k8sutil/stripper.go:76.54,78.49 2 1
github.com/portainer/portainer-mcp/internal/k8sutil/stripper.go:78.49,80.4 1 1
github.com/portainer/portainer-mcp/internal/k8sutil/stripper.go:81.3,81.109 1 1
github.com/portainer/portainer-mcp/internal/k8sutil/stripper.go:84.2,84.19 1 1
github.com/portainer/portainer-mcp/internal/k8sutil/stripper.go:84.19,86.17 2 1
github.com/portainer/portainer-mcp/internal/k8sutil/stripper.go:86.17,88.4 1 0
github.com/portainer/portainer-mcp/internal/k8sutil/stripper.go:90.3,90.29 1 1
github.com/portainer/portainer-mcp/internal/k8sutil/stripper.go:90.29,91.84 1 1
github.com/portainer/portainer-mcp/internal/k8sutil/stripper.go:91.84,93.5 1 1
github.com/portainer/portainer-mcp/internal/k8sutil/stripper.go:95.3,95.28 1 1
github.com/portainer/portainer-mcp/internal/k8sutil/stripper.go:96.8,97.28 1 1
github.com/portainer/portainer-mcp/internal/k8sutil/stripper.go:97.28,99.4 1 0
github.com/portainer/portainer-mcp/internal/k8sutil/stripper.go:100.3,100.73 1 1
github.com/portainer/portainer-mcp/internal/k8sutil/stripper.go:100.73,102.4 1 1
github.com/portainer/portainer-mcp/internal/k8sutil/stripper.go:103.3,103.28 1 1
github.com/portainer/portainer-mcp/pkg/portainer/utils/utils.go:7.44,9.31 2 1
github.com/portainer/portainer-mcp/pkg/portainer/utils/utils.go:9.31,11.3 1 1
github.com/portainer/portainer-mcp/pkg/portainer/utils/utils.go:12.2,12.13 1 1
github.com/portainer/portainer-mcp/pkg/portainer/utils/utils.go:16.42,18.27 2 1
github.com/portainer/portainer-mcp/pkg/portainer/utils/utils.go:18.27,20.3 1 1
github.com/portainer/portainer-mcp/pkg/portainer/utils/utils.go:21.2,21.15 1 1
github.com/portainer/portainer-mcp/pkg/portainer/utils/utils.go:26.60,28.33 2 1
github.com/portainer/portainer-mcp/pkg/portainer/utils/utils.go:28.33,30.3 1 1
github.com/portainer/portainer-mcp/pkg/portainer/utils/utils.go:31.2,31.17 1 1
github.com/portainer/portainer-mcp/tests/integration/containers/portainer.go:52.55,53.45 1 0
github.com/portainer/portainer-mcp/tests/integration/containers/portainer.go:53.45,55.3 1 0
github.com/portainer/portainer-mcp/tests/integration/containers/portainer.go:59.63,60.45 1 0
github.com/portainer/portainer-mcp/tests/integration/containers/portainer.go:60.45,62.3 1 0
github.com/portainer/portainer-mcp/tests/integration/containers/portainer.go:66.112,74.27 2 0
github.com/portainer/portainer-mcp/tests/integration/containers/portainer.go:74.27,76.3 1 0
github.com/portainer/portainer-mcp/tests/integration/containers/portainer.go:79.2,92.28 1 0
github.com/portainer/portainer-mcp/tests/integration/containers/portainer.go:92.28,94.7 1 0
github.com/portainer/portainer-mcp/tests/integration/containers/portainer.go:104.62,105.28 1 0
github.com/portainer/portainer-mcp/tests/integration/containers/portainer.go:105.28,107.5 1 0
github.com/portainer/portainer-mcp/tests/integration/containers/portainer.go:112.2,116.16 2 0
github.com/portainer/portainer-mcp/tests/integration/containers/portainer.go:116.16,118.3 1 0
github.com/portainer/portainer-mcp/tests/integration/containers/portainer.go:121.2,122.16 2 0
github.com/portainer/portainer-mcp/tests/integration/containers/portainer.go:122.16,125.3 2 0
github.com/portainer/portainer-mcp/tests/integration/containers/portainer.go:127.2,128.16 2 0
github.com/portainer/portainer-mcp/tests/integration/containers/portainer.go:128.16,131.3 2 0
github.com/portainer/portainer-mcp/tests/integration/containers/portainer.go:133.2,140.46 2 0
github.com/portainer/portainer-mcp/tests/integration/containers/portainer.go:140.46,144.3 2 0
github.com/portainer/portainer-mcp/tests/integration/containers/portainer.go:146.2,146.16 1 0
github.com/portainer/portainer-mcp/tests/integration/containers/portainer.go:150.54,152.2 1 0
github.com/portainer/portainer-mcp/tests/integration/containers/portainer.go:155.65,157.2 1 0
github.com/portainer/portainer-mcp/tests/integration/containers/portainer.go:159.52,161.2 1 0
github.com/portainer/portainer-mcp/tests/integration/containers/portainer.go:164.56,187.16 8 0
github.com/portainer/portainer-mcp/tests/integration/containers/portainer.go:187.16,189.3 1 0
github.com/portainer/portainer-mcp/tests/integration/containers/portainer.go:191.2,194.101 2 0
github.com/portainer/portainer-mcp/tests/integration/containers/portainer.go:194.101,196.3 1 0
github.com/portainer/portainer-mcp/tests/integration/containers/portainer.go:197.2,206.16 5 0
github.com/portainer/portainer-mcp/tests/integration/containers/portainer.go:206.16,208.3 1 0
github.com/portainer/portainer-mcp/tests/integration/containers/portainer.go:210.2,212.12 2 0
github.com/portainer/portainer-mcp/tests/integration/helpers/test_env.go:30.85,54.2 9 0
github.com/portainer/portainer-mcp/tests/integration/helpers/test_env.go:57.41,58.53 1 0
github.com/portainer/portainer-mcp/tests/integration/helpers/test_env.go:58.53,60.3 1 0
github.com/portainer/portainer-mcp/internal/tooldef/tooldef.go:18.60,19.49 1 1
github.com/portainer/portainer-mcp/internal/tooldef/tooldef.go:19.49,21.17 2 1
github.com/portainer/portainer-mcp/internal/tooldef/tooldef.go:21.17,23.4 1 1
github.com/portainer/portainer-mcp/internal/tooldef/tooldef.go:24.3,24.20 1 1
github.com/portainer/portainer-mcp/internal/tooldef/tooldef.go:26.2,26.18 1 1
github.com/portainer/portainer-mcp/pkg/toolgen/param.go:19.71,23.2 1 1
github.com/portainer/portainer-mcp/pkg/toolgen/param.go:26.81,28.25 2 1
github.com/portainer/portainer-mcp/pkg/toolgen/param.go:28.25,29.15 1 1
github.com/portainer/portainer-mcp/pkg/toolgen/param.go:29.15,31.4 1 1
github.com/portainer/portainer-mcp/pkg/toolgen/param.go:32.3,32.17 1 1
github.com/portainer/portainer-mcp/pkg/toolgen/param.go:35.2,36.9 2 1
github.com/portainer/portainer-mcp/pkg/toolgen/param.go:36.9,38.3 1 1
github.com/portainer/portainer-mcp/pkg/toolgen/param.go:40.2,40.22 1 1
github.com/portainer/portainer-mcp/pkg/toolgen/param.go:44.82,46.25 2 1
github.com/portainer/portainer-mcp/pkg/toolgen/param.go:46.25,47.15 1 1
github.com/portainer/portainer-mcp/pkg/toolgen/param.go:47.15,49.4 1 1
github.com/portainer/portainer-mcp/pkg/toolgen/param.go:50.3,50.16 1 1
github.com/portainer/portainer-mcp/pkg/toolgen/param.go:53.2,54.9 2 1
github.com/portainer/portainer-mcp/pkg/toolgen/param.go:54.9,56.3 1 1
github.com/portainer/portainer-mcp/pkg/toolgen/param.go:58.2,58.22 1 1
github.com/portainer/portainer-mcp/pkg/toolgen/param.go:62.75,64.16 2 1
github.com/portainer/portainer-mcp/pkg/toolgen/param.go:64.16,66.3 1 1
github.com/portainer/portainer-mcp/pkg/toolgen/param.go:68.2,68.70 1 1
github.com/portainer/portainer-mcp/pkg/toolgen/param.go:68.70,70.3 1 1
github.com/portainer/portainer-mcp/pkg/toolgen/param.go:72.2,72.22 1 1
github.com/portainer/portainer-mcp/pkg/toolgen/param.go:76.80,78.25 2 1
github.com/portainer/portainer-mcp/pkg/toolgen/param.go:78.25,79.15 1 1
github.com/portainer/portainer-mcp/pkg/toolgen/param.go:79.15,81.4 1 1
github.com/portainer/portainer-mcp/pkg/toolgen/param.go:82.3,82.20 1 1
github.com/portainer/portainer-mcp/pkg/toolgen/param.go:85.2,86.9 2 1
github.com/portainer/portainer-mcp/pkg/toolgen/param.go:86.9,88.3 1 1
github.com/portainer/portainer-mcp/pkg/toolgen/param.go:90.2,90.23 1 1
github.com/portainer/portainer-mcp/pkg/toolgen/param.go:94.89,96.25 2 1
github.com/portainer/portainer-mcp/pkg/toolgen/param.go:96.25,97.15 1 1
github.com/portainer/portainer-mcp/pkg/toolgen/param.go:97.15,99.4 1 1
github.com/portainer/portainer-mcp/pkg/toolgen/param.go:100.3,100.22 1 1
github.com/portainer/portainer-mcp/pkg/toolgen/param.go:103.2,104.9 2 1
github.com/portainer/portainer-mcp/pkg/toolgen/param.go:104.9,106.3 1 1
github.com/portainer/portainer-mcp/pkg/toolgen/param.go:108.2,108.41 1 1
github.com/portainer/portainer-mcp/pkg/toolgen/param.go:112.88,114.25 2 1
github.com/portainer/portainer-mcp/pkg/toolgen/param.go:114.25,115.15 1 1
github.com/portainer/portainer-mcp/pkg/toolgen/param.go:115.15,117.4 1 1
github.com/portainer/portainer-mcp/pkg/toolgen/param.go:118.3,118.22 1 1
github.com/portainer/portainer-mcp/pkg/toolgen/param.go:121.2,122.9 2 1
github.com/portainer/portainer-mcp/pkg/toolgen/param.go:122.9,124.3 1 1
github.com/portainer/portainer-mcp/pkg/toolgen/param.go:126.2,126.24 1 1
github.com/portainer/portainer-mcp/pkg/toolgen/param.go:136.55,139.29 2 1
github.com/portainer/portainer-mcp/pkg/toolgen/param.go:139.29,141.10 2 1
github.com/portainer/portainer-mcp/pkg/toolgen/param.go:141.10,143.4 1 1
github.com/portainer/portainer-mcp/pkg/toolgen/param.go:144.3,144.91 1 1
github.com/portainer/portainer-mcp/pkg/toolgen/param.go:144.91,146.4 1 1
github.com/portainer/portainer-mcp/pkg/toolgen/param.go:147.3,147.40 1 1
github.com/portainer/portainer-mcp/pkg/toolgen/param.go:150.2,150.20 1 1
github.com/portainer/portainer-mcp/pkg/toolgen/yaml.go:48.93,50.16 2 1
github.com/portainer/portainer-mcp/pkg/toolgen/yaml.go:50.16,52.3 1 1
github.com/portainer/portainer-mcp/pkg/toolgen/yaml.go:54.2,55.54 2 1
github.com/portainer/portainer-mcp/pkg/toolgen/yaml.go:55.54,57.3 1 1
github.com/portainer/portainer-mcp/pkg/toolgen/yaml.go:59.2,59.26 1 1
github.com/portainer/portainer-mcp/pkg/toolgen/yaml.go:59.26,61.3 1 1
github.com/portainer/portainer-mcp/pkg/toolgen/yaml.go:63.2,63.37 1 1
github.com/portainer/portainer-mcp/pkg/toolgen/yaml.go:63.37,65.3 1 1
github.com/portainer/portainer-mcp/pkg/toolgen/yaml.go:67.2,67.56 1 1
github.com/portainer/portainer-mcp/pkg/toolgen/yaml.go:67.56,69.3 1 1
github.com/portainer/portainer-mcp/pkg/toolgen/yaml.go:71.2,71.50 1 1
github.com/portainer/portainer-mcp/pkg/toolgen/yaml.go:75.72,78.27 2 1
github.com/portainer/portainer-mcp/pkg/toolgen/yaml.go:78.27,80.17 2 1
github.com/portainer/portainer-mcp/pkg/toolgen/yaml.go:80.17,82.12 2 1
github.com/portainer/portainer-mcp/pkg/toolgen/yaml.go:85.3,85.25 1 1
github.com/portainer/portainer-mcp/pkg/toolgen/yaml.go:88.2,88.14 1 1
github.com/portainer/portainer-mcp/pkg/toolgen/yaml.go:92.66,93.20 1 1
github.com/portainer/portainer-mcp/pkg/toolgen/yaml.go:93.20,95.3 1 1
github.com/portainer/portainer-mcp/pkg/toolgen/yaml.go:97.2,97.27 1 1
github.com/portainer/portainer-mcp/pkg/toolgen/yaml.go:97.27,99.3 1 1
github.com/portainer/portainer-mcp/pkg/toolgen/yaml.go:101.2,101.33 1 1
github.com/portainer/portainer-mcp/pkg/toolgen/yaml.go:101.33,103.3 1 1
github.com/portainer/portainer-mcp/pkg/toolgen/yaml.go:105.2,109.39 2 1
github.com/portainer/portainer-mcp/pkg/toolgen/yaml.go:109.39,111.3 1 1
github.com/portainer/portainer-mcp/pkg/toolgen/yaml.go:113.2,115.47 2 1
github.com/portainer/portainer-mcp/pkg/toolgen/yaml.go:119.63,127.2 1 1
github.com/portainer/portainer-mcp/pkg/toolgen/yaml.go:130.65,135.20 3 1
github.com/portainer/portainer-mcp/pkg/toolgen/yaml.go:135.20,137.3 1 1
github.com/portainer/portainer-mcp/pkg/toolgen/yaml.go:139.2,139.23 1 1
github.com/portainer/portainer-mcp/pkg/toolgen/yaml.go:139.23,141.3 1 1
github.com/portainer/portainer-mcp/pkg/toolgen/yaml.go:143.2,143.26 1 1
github.com/portainer/portainer-mcp/pkg/toolgen/yaml.go:143.26,145.3 1 1
github.com/portainer/portainer-mcp/pkg/toolgen/yaml.go:147.2,147.20 1 1
github.com/portainer/portainer-mcp/pkg/toolgen/yaml.go:148.16,149.48 1 1
github.com/portainer/portainer-mcp/pkg/toolgen/yaml.go:150.16,151.48 1 1
github.com/portainer/portainer-mcp/pkg/toolgen/yaml.go:152.17,153.49 1 1
github.com/portainer/portainer-mcp/pkg/toolgen/yaml.go:154.15,155.47 1 1
github.com/portainer/portainer-mcp/pkg/toolgen/yaml.go:156.16,157.48 1 1
github.com/portainer/portainer-mcp/pkg/toolgen/yaml.go:158.10,160.48 2 1
github.com/portainer/portainer-mcp/pkg/portainer/models/access_group.go:22.143,23.21 1 1
github.com/portainer/portainer-mcp/pkg/portainer/models/access_group.go:23.21,25.3 1 1
github.com/portainer/portainer-mcp/pkg/portainer/models/access_group.go:27.2,28.35 2 1
github.com/portainer/portainer-mcp/pkg/portainer/models/access_group.go:28.35,29.17 1 1
github.com/portainer/portainer-mcp/pkg/portainer/models/access_group.go:29.17,30.12 1 1
github.com/portainer/portainer-mcp/pkg/portainer/models/access_group.go:32.3,32.33 1 1
github.com/portainer/portainer-mcp/pkg/portainer/models/access_group.go:32.33,34.4 1 1
github.com/portainer/portainer-mcp/pkg/portainer/models/access_group.go:37.2,43.3 1 1
github.com/portainer/portainer-mcp/pkg/portainer/models/access_policy.go:11.133,13.39 2 1
github.com/portainer/portainer-mcp/pkg/portainer/models/access_policy.go:13.39,15.17 2 1
github.com/portainer/portainer-mcp/pkg/portainer/models/access_policy.go:15.17,17.12 2 1
github.com/portainer/portainer-mcp/pkg/portainer/models/access_policy.go:19.3,19.48 1 1
github.com/portainer/portainer-mcp/pkg/portainer/models/access_policy.go:21.2,21.17 1 1
github.com/portainer/portainer-mcp/pkg/portainer/models/access_policy.go:24.81,25.22 1 1
github.com/portainer/portainer-mcp/pkg/portainer/models/access_policy.go:25.22,27.3 1 0
github.com/portainer/portainer-mcp/pkg/portainer/models/access_policy.go:29.2,29.26 1 1
github.com/portainer/portainer-mcp/pkg/portainer/models/access_policy.go:30.9,31.37 1 1
github.com/portainer/portainer-mcp/pkg/portainer/models/access_policy.go:32.9,33.25 1 1
github.com/portainer/portainer-mcp/pkg/portainer/models/access_policy.go:34.9,35.25 1 1
github.com/portainer/portainer-mcp/pkg/portainer/models/access_policy.go:36.9,37.25 1 1
github.com/portainer/portainer-mcp/pkg/portainer/models/access_policy.go:38.9,39.25 1 1
github.com/portainer/portainer-mcp/pkg/portainer/models/access_policy.go:40.10,41.19 1 1
github.com/portainer/portainer-mcp/pkg/portainer/models/app_template.go:20.73,21.16 1 1
github.com/portainer/portainer-mcp/pkg/portainer/models/app_template.go:21.16,23.3 1 1
github.com/portainer/portainer-mcp/pkg/portainer/models/app_template.go:25.2,36.3 1 1
github.com/portainer/portainer-mcp/pkg/portainer/models/app_template.go:40.78,42.24 2 1
github.com/portainer/portainer-mcp/pkg/portainer/models/app_template.go:42.24,44.3 1 1
github.com/portainer/portainer-mcp/pkg/portainer/models/app_template.go:45.2,45.18 1 1
github.com/portainer/portainer-mcp/pkg/portainer/models/backup.go:25.76,26.16 1 1
github.com/portainer/portainer-mcp/pkg/portainer/models/backup.go:26.16,28.3 1 1
github.com/portainer/portainer-mcp/pkg/portainer/models/backup.go:30.2,33.3 1 1
github.com/portainer/portainer-mcp/pkg/portainer/models/backup.go:37.93,38.16 1 1
github.com/portainer/portainer-mcp/pkg/portainer/models/backup.go:38.16,40.3 1 1
github.com/portainer/portainer-mcp/pkg/portainer/models/backup.go:42.2,50.3 1 1
github.com/portainer/portainer-mcp/pkg/portainer/models/custom_template.go:26.92,27.16 1 1
github.com/portainer/portainer-mcp/pkg/portainer/models/custom_template.go:27.16,29.3 1 1
github.com/portainer/portainer-mcp/pkg/portainer/models/custom_template.go:31.2,40.3 1 1
github.com/portainer/portainer-mcp/pkg/portainer/models/docker.go:35.93,36.16 1 1
github.com/portainer/portainer-mcp/pkg/portainer/models/docker.go:36.16,38.3 1 1
github.com/portainer/portainer-mcp/pkg/portainer/models/docker.go:40.2,47.27 2 1
github.com/portainer/portainer-mcp/pkg/portainer/models/docker.go:47.27,55.3 1 1
github.com/portainer/portainer-mcp/pkg/portainer/models/docker.go:57.2,57.23 1 1
github.com/portainer/portainer-mcp/pkg/portainer/models/docker.go:57.23,62.3 1 1
github.com/portainer/portainer-mcp/pkg/portainer/models/docker.go:64.2,64.18 1 1
github.com/portainer/portainer-mcp/pkg/portainer/models/edge_job.go:25.69,26.16 1 1
github.com/portainer/portainer-mcp/pkg/portainer/models/edge_job.go:26.16,28.3 1 1
github.com/portainer/portainer-mcp/pkg/portainer/models/edge_job.go:30.2,31.35 2 1
github.com/portainer/portainer-mcp/pkg/portainer/models/edge_job.go:31.35,33.3 1 1
github.com/portainer/portainer-mcp/pkg/portainer/models/edge_job.go:35.2,43.3 1 1
github.com/portainer/portainer-mcp/pkg/portainer/models/edge_job.go:66.117,67.16 1 1
github.com/portainer/portainer-mcp/pkg/portainer/models/edge_job.go:67.16,69.3 1 1
github.com/portainer/portainer-mcp/pkg/portainer/models/edge_job.go:71.2,72.37 2 1
github.com/portainer/portainer-mcp/pkg/portainer/models/edge_job.go:72.37,74.3 1 1
github.com/portainer/portainer-mcp/pkg/portainer/models/edge_job.go:76.2,86.3 1 1
github.com/portainer/portainer-mcp/pkg/portainer/models/environment.go:39.91,40.24 1 1
github.com/portainer/portainer-mcp/pkg/portainer/models/environment.go:40.24,42.3 1 1
github.com/portainer/portainer-mcp/pkg/portainer/models/environment.go:44.2,52.3 1 1
github.com/portainer/portainer-mcp/pkg/portainer/models/environment.go:55.82,56.52 1 1
github.com/portainer/portainer-mcp/pkg/portainer/models/environment.go:56.52,58.3 1 1
github.com/portainer/portainer-mcp/pkg/portainer/models/environment.go:59.2,59.54 1 1
github.com/portainer/portainer-mcp/pkg/portainer/models/environment.go:62.90,63.28 1 1
github.com/portainer/portainer-mcp/pkg/portainer/models/environment.go:64.9,65.33 1 1
github.com/portainer/portainer-mcp/pkg/portainer/models/environment.go:66.9,67.35 1 1
github.com/portainer/portainer-mcp/pkg/portainer/models/environment.go:68.10,69.34 1 1
github.com/portainer/portainer-mcp/pkg/portainer/models/environment.go:73.86,74.27 1 1
github.com/portainer/portainer-mcp/pkg/portainer/models/environment.go:74.27,76.3 1 1
github.com/portainer/portainer-mcp/pkg/portainer/models/environment.go:77.2,77.34 1 1
github.com/portainer/portainer-mcp/pkg/portainer/models/environment.go:80.80,81.26 1 1
github.com/portainer/portainer-mcp/pkg/portainer/models/environment.go:82.9,83.36 1 1
github.com/portainer/portainer-mcp/pkg/portainer/models/environment.go:84.9,85.36 1 1
github.com/portainer/portainer-mcp/pkg/portainer/models/environment.go:86.9,87.33 1 1
github.com/portainer/portainer-mcp/pkg/portainer/models/environment.go:88.9,89.40 1 1
github.com/portainer/portainer-mcp/pkg/portainer/models/environment.go:90.9,91.40 1 1
github.com/portainer/portainer-mcp/pkg/portainer/models/environment.go:92.9,93.40 1 1
github.com/portainer/portainer-mcp/pkg/portainer/models/environment.go:94.9,95.44 1 1
github.com/portainer/portainer-mcp/pkg/portainer/models/environment.go:96.10,97.32 1 1
github.com/portainer/portainer-mcp/pkg/portainer/models/group.go:17.90,18.25 1 1
github.com/portainer/portainer-mcp/pkg/portainer/models/group.go:18.25,20.3 1 1
github.com/portainer/portainer-mcp/pkg/portainer/models/group.go:22.2,27.3 1 1
github.com/portainer/portainer-mcp/pkg/portainer/models/helm.go:41.89,42.16 1 1
github.com/portainer/portainer-mcp/pkg/portainer/models/helm.go:42.16,44.3 1 1
github.com/portainer/portainer-mcp/pkg/portainer/models/helm.go:46.2,50.3 1 1
github.com/portainer/portainer-mcp/pkg/portainer/models/helm.go:54.101,55.16 1 1
github.com/portainer/portainer-mcp/pkg/portainer/models/helm.go:55.16,57.3 1 1
github.com/portainer/portainer-mcp/pkg/portainer/models/helm.go:59.2,60.41 2 1
github.com/portainer/portainer-mcp/pkg/portainer/models/helm.go:60.41,62.3 1 1
github.com/portainer/portainer-mcp/pkg/portainer/models/helm.go:64.2,67.3 1 1
github.com/portainer/portainer-mcp/pkg/portainer/models/helm.go:71.77,72.16 1 1
github.com/portainer/portainer-mcp/pkg/portainer/models/helm.go:72.16,74.3 1 1
github.com/portainer/portainer-mcp/pkg/portainer/models/helm.go:76.2,84.3 1 1
github.com/portainer/portainer-mcp/pkg/portainer/models/helm.go:88.84,89.16 1 1
github.com/portainer/portainer-mcp/pkg/portainer/models/helm.go:89.16,91.3 1 1
github.com/portainer/portainer-mcp/pkg/portainer/models/helm.go:93.2,94.21 2 1
github.com/portainer/portainer-mcp/pkg/portainer/models/helm.go:94.21,96.3 1 1
github.com/portainer/portainer-mcp/pkg/portainer/models/helm.go:98.2,104.3 1 1
github.com/portainer/portainer-mcp/pkg/portainer/models/kubernetes.go:37.85,38.16 1 1
github.com/portainer/portainer-mcp/pkg/portainer/models/kubernetes.go:38.16,40.3 1 1
github.com/portainer/portainer-mcp/pkg/portainer/models/kubernetes.go:42.2,50.3 1 1
github.com/portainer/portainer-mcp/pkg/portainer/models/kubernetes.go:64.88,65.16 1 1
github.com/portainer/portainer-mcp/pkg/portainer/models/kubernetes.go:65.16,67.3 1 1
github.com/portainer/portainer-mcp/pkg/portainer/models/kubernetes.go:69.2,76.3 1 1
github.com/portainer/portainer-mcp/pkg/portainer/models/motd.go:19.52,22.40 2 1
github.com/portainer/portainer-mcp/pkg/portainer/models/motd.go:22.40,24.3 1 1
github.com/portainer/portainer-mcp/pkg/portainer/models/motd.go:25.2,25.42 1 1
github.com/portainer/portainer-mcp/pkg/portainer/models/motd.go:25.42,27.3 1 1
github.com/portainer/portainer-mcp/pkg/portainer/models/motd.go:28.2,28.40 1 1
github.com/portainer/portainer-mcp/pkg/portainer/models/motd.go:28.40,30.3 1 1
github.com/portainer/portainer-mcp/pkg/portainer/models/motd.go:31.2,31.30 1 1
github.com/portainer/portainer-mcp/pkg/portainer/models/motd.go:31.30,34.3 2 1
github.com/portainer/portainer-mcp/pkg/portainer/models/motd.go:35.2,35.56 1 1
github.com/portainer/portainer-mcp/pkg/portainer/models/motd.go:35.56,37.25 2 1
github.com/portainer/portainer-mcp/pkg/portainer/models/motd.go:37.25,38.33 1 1
github.com/portainer/portainer-mcp/pkg/portainer/models/motd.go:38.33,40.5 1 1
github.com/portainer/portainer-mcp/pkg/portainer/models/motd.go:44.2,44.13 1 1
github.com/portainer/portainer-mcp/pkg/portainer/models/registry.go:19.88,20.24 1 1
github.com/portainer/portainer-mcp/pkg/portainer/models/registry.go:20.24,22.3 1 1
github.com/portainer/portainer-mcp/pkg/portainer/models/registry.go:24.2,32.3 1 1
github.com/portainer/portainer-mcp/pkg/portainer/models/role.go:17.57,18.16 1 1
github.com/portainer/portainer-mcp/pkg/portainer/models/role.go:18.16,20.3 1 1
github.com/portainer/portainer-mcp/pkg/portainer/models/role.go:22.2,23.31 2 1
github.com/portainer/portainer-mcp/pkg/portainer/models/role.go:23.31,25.3 1 1
github.com/portainer/portainer-mcp/pkg/portainer/models/role.go:27.2,27.19 1 1
github.com/portainer/portainer-mcp/pkg/portainer/models/role.go:27.19,29.3 1 1
github.com/portainer/portainer-mcp/pkg/portainer/models/role.go:30.2,30.21 1 1
github.com/portainer/portainer-mcp/pkg/portainer/models/role.go:30.21,32.3 1 1
github.com/portainer/portainer-mcp/pkg/portainer/models/role.go:33.2,33.28 1 1
github.com/portainer/portainer-mcp/pkg/portainer/models/role.go:33.28,35.3 1 1
github.com/portainer/portainer-mcp/pkg/portainer/models/role.go:36.2,36.25 1 1
github.com/portainer/portainer-mcp/pkg/portainer/models/role.go:36.25,38.3 1 1
github.com/portainer/portainer-mcp/pkg/portainer/models/role.go:40.2,40.13 1 1
github.com/portainer/portainer-mcp/pkg/portainer/models/settings.go:27.103,28.24 1 1
github.com/portainer/portainer-mcp/pkg/portainer/models/settings.go:28.24,30.3 1 1
github.com/portainer/portainer-mcp/pkg/portainer/models/settings.go:32.2,36.29 4 1
github.com/portainer/portainer-mcp/pkg/portainer/models/settings.go:36.29,38.3 1 1
github.com/portainer/portainer-mcp/pkg/portainer/models/settings.go:39.2,41.45 3 1
github.com/portainer/portainer-mcp/pkg/portainer/models/settings.go:41.45,43.3 1 0
github.com/portainer/portainer-mcp/pkg/portainer/models/settings.go:45.2,45.10 1 1
github.com/portainer/portainer-mcp/pkg/portainer/models/settings.go:62.92,63.16 1 1
github.com/portainer/portainer-mcp/pkg/portainer/models/settings.go:63.16,65.3 1 1
github.com/portainer/portainer-mcp/pkg/portainer/models/settings.go:67.2,77.3 1 1
github.com/portainer/portainer-mcp/pkg/portainer/models/settings.go:80.55,81.16 1 1
github.com/portainer/portainer-mcp/pkg/portainer/models/settings.go:82.9,83.38 1 1
github.com/portainer/portainer-mcp/pkg/portainer/models/settings.go:84.9,85.34 1 1
github.com/portainer/portainer-mcp/pkg/portainer/models/settings.go:86.9,87.35 1 1
github.com/portainer/portainer-mcp/pkg/portainer/models/settings.go:88.10,89.37 1 1
github.com/portainer/portainer-mcp/pkg/portainer/models/ssl.go:15.78,16.16 1 1
github.com/portainer/portainer-mcp/pkg/portainer/models/ssl.go:16.16,18.3 1 1
github.com/portainer/portainer-mcp/pkg/portainer/models/ssl.go:20.2,26.3 1 1
github.com/portainer/portainer-mcp/pkg/portainer/models/stack.go:19.82,20.25 1 1
github.com/portainer/portainer-mcp/pkg/portainer/models/stack.go:20.25,22.3 1 1
github.com/portainer/portainer-mcp/pkg/portainer/models/stack.go:24.2,31.3 2 1
github.com/portainer/portainer-mcp/pkg/portainer/models/stack.go:49.72,50.16 1 1
github.com/portainer/portainer-mcp/pkg/portainer/models/stack.go:50.16,52.3 1 1
github.com/portainer/portainer-mcp/pkg/portainer/models/stack.go:54.2,55.26 2 1
github.com/portainer/portainer-mcp/pkg/portainer/models/stack.go:55.26,57.3 1 1
github.com/portainer/portainer-mcp/pkg/portainer/models/stack.go:59.2,70.3 1 1
github.com/portainer/portainer-mcp/pkg/portainer/models/system.go:14.119,15.22 1 1
github.com/portainer/portainer-mcp/pkg/portainer/models/system.go:15.22,17.3 1 1
github.com/portainer/portainer-mcp/pkg/portainer/models/system.go:19.2,22.3 1 1
github.com/portainer/portainer-mcp/pkg/portainer/models/tag.go:17.80,18.19 1 1
github.com/portainer/portainer-mcp/pkg/portainer/models/tag.go:18.19,20.3 1 1
github.com/portainer/portainer-mcp/pkg/portainer/models/tag.go:22.2,24.43 2 1
github.com/portainer/portainer-mcp/pkg/portainer/models/tag.go:24.43,26.17 2 1
github.com/portainer/portainer-mcp/pkg/portainer/models/tag.go:26.17,28.4 1 1
github.com/portainer/portainer-mcp/pkg/portainer/models/tag.go:31.2,35.3 1 1
github.com/portainer/portainer-mcp/pkg/portainer/models/team.go:15.112,16.20 1 1
github.com/portainer/portainer-mcp/pkg/portainer/models/team.go:16.20,18.3 1 1
github.com/portainer/portainer-mcp/pkg/portainer/models/team.go:20.2,21.40 2 1
github.com/portainer/portainer-mcp/pkg/portainer/models/team.go:21.40,22.20 1 1
github.com/portainer/portainer-mcp/pkg/portainer/models/team.go:22.20,23.12 1 1
github.com/portainer/portainer-mcp/pkg/portainer/models/team.go:25.3,25.34 1 1
github.com/portainer/portainer-mcp/pkg/portainer/models/team.go:25.34,27.4 1 1
github.com/portainer/portainer-mcp/pkg/portainer/models/team.go:30.2,34.3 1 1
github.com/portainer/portainer-mcp/pkg/portainer/models/user.go:30.61,31.20 1 1
github.com/portainer/portainer-mcp/pkg/portainer/models/user.go:31.20,33.3 1 1
github.com/portainer/portainer-mcp/pkg/portainer/models/user.go:35.2,39.3 1 1
github.com/portainer/portainer-mcp/pkg/portainer/models/user.go:42.65,43.22 1 1
github.com/portainer/portainer-mcp/pkg/portainer/models/user.go:44.23,45.23 1 1
github.com/portainer/portainer-mcp/pkg/portainer/models/user.go:46.22,47.22 1 1
github.com/portainer/portainer-mcp/pkg/portainer/models/user.go:48.27,49.27 1 1
github.com/portainer/portainer-mcp/pkg/portainer/models/user.go:50.10,51.25 1 1
github.com/portainer/portainer-mcp/pkg/portainer/models/webhook.go:18.64,19.16 1 1
github.com/portainer/portainer-mcp/pkg/portainer/models/webhook.go:19.16,21.3 1 1
github.com/portainer/portainer-mcp/pkg/portainer/models/webhook.go:23.2,30.3 1 1
github.com/portainer/portainer-mcp/pkg/portainer/client/access_group.go:16.75,18.16 2 1
github.com/portainer/portainer-mcp/pkg/portainer/client/access_group.go:18.16,20.3 1 1
github.com/portainer/portainer-mcp/pkg/portainer/client/access_group.go:22.2,23.16 2 1
github.com/portainer/portainer-mcp/pkg/portainer/client/access_group.go:23.16,25.3 1 1
github.com/portainer/portainer-mcp/pkg/portainer/client/access_group.go:27.2,28.31 2 1
github.com/portainer/portainer-mcp/pkg/portainer/client/access_group.go:28.31,30.3 1 1
github.com/portainer/portainer-mcp/pkg/portainer/client/access_group.go:32.2,32.26 1 1
github.com/portainer/portainer-mcp/pkg/portainer/client/access_group.go:43.93,45.16 2 1
github.com/portainer/portainer-mcp/pkg/portainer/client/access_group.go:45.16,47.3 1 1
github.com/portainer/portainer-mcp/pkg/portainer/client/access_group.go:49.2,49.26 1 1
github.com/portainer/portainer-mcp/pkg/portainer/client/access_group.go:60.76,62.16 2 1
github.com/portainer/portainer-mcp/pkg/portainer/client/access_group.go:62.16,64.3 1 1
github.com/portainer/portainer-mcp/pkg/portainer/client/access_group.go:65.2,65.12 1 1
github.com/portainer/portainer-mcp/pkg/portainer/client/access_group.go:83.100,86.16 3 1
github.com/portainer/portainer-mcp/pkg/portainer/client/access_group.go:86.16,88.3 1 1
github.com/portainer/portainer-mcp/pkg/portainer/client/access_group.go:89.2,89.12 1 1
github.com/portainer/portainer-mcp/pkg/portainer/client/access_group.go:107.100,110.16 3 1
github.com/portainer/portainer-mcp/pkg/portainer/client/access_group.go:110.16,112.3 1 1
github.com/portainer/portainer-mcp/pkg/portainer/client/access_group.go:113.2,113.12 1 1
github.com/portainer/portainer-mcp/pkg/portainer/client/access_group.go:124.88,126.2 1 1
github.com/portainer/portainer-mcp/pkg/portainer/client/access_group.go:136.93,138.2 1 1
github.com/portainer/portainer-mcp/pkg/portainer/client/adapter.go:51.59,57.2 1 1
github.com/portainer/portainer-mcp/pkg/portainer/client/adapter.go:61.42,62.57 1 1
github.com/portainer/portainer-mcp/pkg/portainer/client/adapter.go:62.57,64.3 1 0
github.com/portainer/portainer-mcp/pkg/portainer/client/adapter.go:65.2,65.26 1 1
github.com/portainer/portainer-mcp/pkg/portainer/client/adapter.go:71.91,80.104 5 1
github.com/portainer/portainer-mcp/pkg/portainer/client/adapter.go:80.104,82.3 1 0
github.com/portainer/portainer-mcp/pkg/portainer/client/adapter.go:83.2,89.3 2 1
github.com/portainer/portainer-mcp/pkg/portainer/client/adapter.go:93.57,96.16 3 0
github.com/portainer/portainer-mcp/pkg/portainer/client/adapter.go:96.16,98.3 1 0
github.com/portainer/portainer-mcp/pkg/portainer/client/adapter.go:99.2,99.12 1 0
github.com/portainer/portainer-mcp/pkg/portainer/client/adapter.go:103.58,106.16 3 0
github.com/portainer/portainer-mcp/pkg/portainer/client/adapter.go:106.16,108.3 1 0
github.com/portainer/portainer-mcp/pkg/portainer/client/adapter.go:109.2,109.12 1 0
github.com/portainer/portainer-mcp/pkg/portainer/client/adapter.go:113.58,116.16 3 0
github.com/portainer/portainer-mcp/pkg/portainer/client/adapter.go:116.16,118.3 1 0
github.com/portainer/portainer-mcp/pkg/portainer/client/adapter.go:119.2,119.12 1 0
github.com/portainer/portainer-mcp/pkg/portainer/client/adapter.go:123.62,126.16 3 0
github.com/portainer/portainer-mcp/pkg/portainer/client/adapter.go:126.16,128.3 1 0
github.com/portainer/portainer-mcp/pkg/portainer/client/adapter.go:129.2,129.12 1 0
github.com/portainer/portainer-mcp/pkg/portainer/client/adapter.go:133.64,136.16 3 0
github.com/portainer/portainer-mcp/pkg/portainer/client/adapter.go:136.16,138.3 1 0
github.com/portainer/portainer-mcp/pkg/portainer/client/adapter.go:139.2,139.12 1 0
github.com/portainer/portainer-mcp/pkg/portainer/client/adapter.go:143.60,146.16 3 0
github.com/portainer/portainer-mcp/pkg/portainer/client/adapter.go:146.16,148.3 1 0
github.com/portainer/portainer-mcp/pkg/portainer/client/adapter.go:149.2,149.12 1 0
github.com/portainer/portainer-mcp/pkg/portainer/client/adapter.go:153.85,156.16 3 0
github.com/portainer/portainer-mcp/pkg/portainer/client/adapter.go:156.16,158.3 1 0
github.com/portainer/portainer-mcp/pkg/portainer/client/adapter.go:159.2,159.26 1 0
github.com/portainer/portainer-mcp/pkg/portainer/client/adapter.go:163.116,171.16 4 0
github.com/portainer/portainer-mcp/pkg/portainer/client/adapter.go:171.16,173.3 1 0
github.com/portainer/portainer-mcp/pkg/portainer/client/adapter.go:174.2,174.29 1 0
github.com/portainer/portainer-mcp/pkg/portainer/client/adapter.go:178.61,181.16 3 0
github.com/portainer/portainer-mcp/pkg/portainer/client/adapter.go:181.16,183.3 1 0
github.com/portainer/portainer-mcp/pkg/portainer/client/adapter.go:184.2,184.12 1 0
github.com/portainer/portainer-mcp/pkg/portainer/client/adapter.go:188.101,191.16 3 0
github.com/portainer/portainer-mcp/pkg/portainer/client/adapter.go:191.16,193.3 1 0
github.com/portainer/portainer-mcp/pkg/portainer/client/adapter.go:194.2,194.26 1 0
github.com/portainer/portainer-mcp/pkg/portainer/client/adapter.go:198.105,201.16 3 0
github.com/portainer/portainer-mcp/pkg/portainer/client/adapter.go:201.16,203.3 1 0
github.com/portainer/portainer-mcp/pkg/portainer/client/adapter.go:204.2,204.26 1 0
github.com/portainer/portainer-mcp/pkg/portainer/client/adapter.go:208.79,211.16 3 0
github.com/portainer/portainer-mcp/pkg/portainer/client/adapter.go:211.16,213.3 1 0
github.com/portainer/portainer-mcp/pkg/portainer/client/adapter.go:214.2,214.38 1 0
github.com/portainer/portainer-mcp/pkg/portainer/client/adapter.go:218.170,221.16 3 0
github.com/portainer/portainer-mcp/pkg/portainer/client/adapter.go:221.16,223.3 1 0
github.com/portainer/portainer-mcp/pkg/portainer/client/adapter.go:224.2,224.26 1 0
github.com/portainer/portainer-mcp/pkg/portainer/client/adapter.go:228.68,231.16 3 0
github.com/portainer/portainer-mcp/pkg/portainer/client/adapter.go:231.16,233.3 1 0
github.com/portainer/portainer-mcp/pkg/portainer/client/adapter.go:234.2,234.12 1 0
github.com/portainer/portainer-mcp/pkg/portainer/client/adapter.go:238.90,241.16 3 0
github.com/portainer/portainer-mcp/pkg/portainer/client/adapter.go:241.16,243.3 1 0
github.com/portainer/portainer-mcp/pkg/portainer/client/adapter.go:244.2,244.26 1 0
github.com/portainer/portainer-mcp/pkg/portainer/client/adapter.go:248.97,251.16 3 0
github.com/portainer/portainer-mcp/pkg/portainer/client/adapter.go:251.16,253.3 1 0
github.com/portainer/portainer-mcp/pkg/portainer/client/adapter.go:254.2,254.26 1 0
github.com/portainer/portainer-mcp/pkg/portainer/client/adapter.go:258.110,261.16 3 0
github.com/portainer/portainer-mcp/pkg/portainer/client/adapter.go:261.16,263.3 1 0
github.com/portainer/portainer-mcp/pkg/portainer/client/adapter.go:264.2,264.29 1 0
github.com/portainer/portainer-mcp/pkg/portainer/client/adapter.go:268.111,271.16 3 0
github.com/portainer/portainer-mcp/pkg/portainer/client/adapter.go:271.16,273.3 1 0
github.com/portainer/portainer-mcp/pkg/portainer/client/adapter.go:274.2,274.12 1 0
github.com/portainer/portainer-mcp/pkg/portainer/client/adapter.go:278.62,281.16 3 0
github.com/portainer/portainer-mcp/pkg/portainer/client/adapter.go:281.16,283.3 1 0
github.com/portainer/portainer-mcp/pkg/portainer/client/adapter.go:284.2,284.12 1 0
github.com/portainer/portainer-mcp/pkg/portainer/client/adapter.go:288.88,291.16 3 0
github.com/portainer/portainer-mcp/pkg/portainer/client/adapter.go:291.16,293.3 1 0
github.com/portainer/portainer-mcp/pkg/portainer/client/adapter.go:294.2,294.26 1 0
github.com/portainer/portainer-mcp/pkg/portainer/client/adapter.go:298.99,301.16 3 0
github.com/portainer/portainer-mcp/pkg/portainer/client/adapter.go:301.16,303.3 1 0
github.com/portainer/portainer-mcp/pkg/portainer/client/adapter.go:304.2,304.26 1 0
github.com/portainer/portainer-mcp/pkg/portainer/client/adapter.go:308.67,314.16 4 0
github.com/portainer/portainer-mcp/pkg/portainer/client/adapter.go:314.16,316.3 1 0
github.com/portainer/portainer-mcp/pkg/portainer/client/adapter.go:317.2,317.12 1 0
github.com/portainer/portainer-mcp/pkg/portainer/client/adapter.go:321.87,324.16 3 0
github.com/portainer/portainer-mcp/pkg/portainer/client/adapter.go:324.16,326.3 1 0
github.com/portainer/portainer-mcp/pkg/portainer/client/adapter.go:327.2,327.12 1 0
github.com/portainer/portainer-mcp/pkg/portainer/client/adapter.go:331.92,334.16 3 0
github.com/portainer/portainer-mcp/pkg/portainer/client/adapter.go:334.16,336.3 1 0
github.com/portainer/portainer-mcp/pkg/portainer/client/adapter.go:337.2,337.12 1 0
github.com/portainer/portainer-mcp/pkg/portainer/client/adapter.go:341.81,344.16 3 0
github.com/portainer/portainer-mcp/pkg/portainer/client/adapter.go:344.16,346.3 1 0
github.com/portainer/portainer-mcp/pkg/portainer/client/adapter.go:347.2,347.26 1 0
github.com/portainer/portainer-mcp/pkg/portainer/client/adapter.go:351.65,361.102 1 0
github.com/portainer/portainer-mcp/pkg/portainer/client/adapter.go:361.102,363.4 1 0
github.com/portainer/portainer-mcp/pkg/portainer/client/adapter.go:365.118,367.65 2 0
github.com/portainer/portainer-mcp/pkg/portainer/client/adapter.go:367.65,369.5 1 0
github.com/portainer/portainer-mcp/pkg/portainer/client/adapter.go:370.4,370.22 1 0
github.com/portainer/portainer-mcp/pkg/portainer/client/adapter.go:373.2,374.16 2 0
github.com/portainer/portainer-mcp/pkg/portainer/client/adapter.go:374.16,376.3 1 0
github.com/portainer/portainer-mcp/pkg/portainer/client/adapter.go:377.2,377.34 1 0
github.com/portainer/portainer-mcp/pkg/portainer/client/adapter.go:381.85,384.16 3 0
github.com/portainer/portainer-mcp/pkg/portainer/client/adapter.go:384.16,386.3 1 0
github.com/portainer/portainer-mcp/pkg/portainer/client/adapter.go:387.2,387.26 1 0
github.com/portainer/portainer-mcp/pkg/portainer/client/adapter.go:391.89,394.16 3 0
github.com/portainer/portainer-mcp/pkg/portainer/client/adapter.go:394.16,396.3 1 0
github.com/portainer/portainer-mcp/pkg/portainer/client/adapter.go:397.2,397.26 1 0
github.com/portainer/portainer-mcp/pkg/portainer/client/adapter.go:401.72,404.16 3 0
github.com/portainer/portainer-mcp/pkg/portainer/client/adapter.go:404.16,406.3 1 0
github.com/portainer/portainer-mcp/pkg/portainer/client/adapter.go:407.2,407.38 1 0
github.com/portainer/portainer-mcp/pkg/portainer/client/adapter.go:411.124,414.16 3 0
github.com/portainer/portainer-mcp/pkg/portainer/client/adapter.go:414.16,416.3 1 0
github.com/portainer/portainer-mcp/pkg/portainer/client/adapter.go:417.2,417.29 1 0
github.com/portainer/portainer-mcp/pkg/portainer/client/adapter.go:421.61,424.16 3 0
github.com/portainer/portainer-mcp/pkg/portainer/client/adapter.go:424.16,426.3 1 0
github.com/portainer/portainer-mcp/pkg/portainer/client/adapter.go:427.2,427.12 1 0
github.com/portainer/portainer-mcp/pkg/portainer/client/adapter.go:431.102,434.16 3 0
github.com/portainer/portainer-mcp/pkg/portainer/client/adapter.go:434.16,436.3 1 0
github.com/portainer/portainer-mcp/pkg/portainer/client/adapter.go:437.2,437.12 1 0
github.com/portainer/portainer-mcp/pkg/portainer/client/adapter.go:441.102,444.16 3 0
github.com/portainer/portainer-mcp/pkg/portainer/client/adapter.go:444.16,446.3 1 0
github.com/portainer/portainer-mcp/pkg/portainer/client/adapter.go:447.2,447.26 1 0
github.com/portainer/portainer-mcp/pkg/portainer/client/adapter.go:451.91,454.16 3 0
github.com/portainer/portainer-mcp/pkg/portainer/client/adapter.go:454.16,456.3 1 0
github.com/portainer/portainer-mcp/pkg/portainer/client/adapter.go:457.2,457.26 1 0
github.com/portainer/portainer-mcp/pkg/portainer/client/adapter.go:461.95,464.16 3 0
github.com/portainer/portainer-mcp/pkg/portainer/client/adapter.go:464.16,466.3 1 0
github.com/portainer/portainer-mcp/pkg/portainer/client/adapter.go:467.2,467.12 1 0
github.com/portainer/portainer-mcp/pkg/portainer/client/adapter.go:471.90,474.16 3 0
github.com/portainer/portainer-mcp/pkg/portainer/client/adapter.go:474.16,476.3 1 0
github.com/portainer/portainer-mcp/pkg/portainer/client/adapter.go:477.2,477.36 1 0
github.com/portainer/portainer-mcp/pkg/portainer/client/adapter.go:481.76,484.16 3 0
github.com/portainer/portainer-mcp/pkg/portainer/client/adapter.go:484.16,486.3 1 0
github.com/portainer/portainer-mcp/pkg/portainer/client/adapter.go:487.2,487.38 1 0
github.com/portainer/portainer-mcp/pkg/portainer/client/adapter.go:491.122,494.16 3 0
github.com/portainer/portainer-mcp/pkg/portainer/client/adapter.go:494.16,496.3 1 0
github.com/portainer/portainer-mcp/pkg/portainer/client/adapter.go:497.2,497.26 1 0
github.com/portainer/portainer-mcp/pkg/portainer/client/adapter.go:501.120,508.16 4 0
github.com/portainer/portainer-mcp/pkg/portainer/client/adapter.go:508.16,510.3 1 0
github.com/portainer/portainer-mcp/pkg/portainer/client/adapter.go:511.2,511.26 1 0
github.com/portainer/portainer-mcp/pkg/portainer/client/adapter.go:515.46,518.16 3 0
github.com/portainer/portainer-mcp/pkg/portainer/client/adapter.go:518.16,520.3 1 0
github.com/portainer/portainer-mcp/pkg/portainer/client/adapter.go:521.2,521.12 1 0
github.com/portainer/portainer-mcp/pkg/portainer/client/adapter.go:525.118,528.16 3 0
github.com/portainer/portainer-mcp/pkg/portainer/client/adapter.go:528.16,530.3 1 0
github.com/portainer/portainer-mcp/pkg/portainer/client/adapter.go:531.2,531.26 1 0
github.com/portainer/portainer-mcp/pkg/portainer/client/adapter.go:535.126,538.16 3 0
github.com/portainer/portainer-mcp/pkg/portainer/client/adapter.go:538.16,540.3 1 0
github.com/portainer/portainer-mcp/pkg/portainer/client/adapter.go:541.2,541.26 1 0
github.com/portainer/portainer-mcp/pkg/portainer/client/adapter.go:545.92,548.16 3 0
github.com/portainer/portainer-mcp/pkg/portainer/client/adapter.go:548.16,550.3 1 0
github.com/portainer/portainer-mcp/pkg/portainer/client/adapter.go:551.2,551.12 1 0
github.com/portainer/portainer-mcp/pkg/portainer/client/adapter.go:555.92,557.18 2 0
github.com/portainer/portainer-mcp/pkg/portainer/client/adapter.go:557.18,559.3 1 0
github.com/portainer/portainer-mcp/pkg/portainer/client/adapter.go:560.2,561.16 2 0
github.com/portainer/portainer-mcp/pkg/portainer/client/adapter.go:561.16,563.3 1 0
github.com/portainer/portainer-mcp/pkg/portainer/client/adapter.go:564.2,564.26 1 0
github.com/portainer/portainer-mcp/pkg/portainer/client/adapter.go:568.148,571.16 3 0
github.com/portainer/portainer-mcp/pkg/portainer/client/adapter.go:571.16,573.3 1 0
github.com/portainer/portainer-mcp/pkg/portainer/client/adapter.go:574.2,574.26 1 0
github.com/portainer/portainer-mcp/pkg/portainer/client/adapter.go:578.166,580.22 2 0
github.com/portainer/portainer-mcp/pkg/portainer/client/adapter.go:580.22,582.3 1 0
github.com/portainer/portainer-mcp/pkg/portainer/client/adapter.go:583.2,583.19 1 0
github.com/portainer/portainer-mcp/pkg/portainer/client/adapter.go:583.19,585.3 1 0
github.com/portainer/portainer-mcp/pkg/portainer/client/adapter.go:586.2,586.21 1 0
github.com/portainer/portainer-mcp/pkg/portainer/client/adapter.go:586.21,588.3 1 0
github.com/portainer/portainer-mcp/pkg/portainer/client/adapter.go:589.2,590.16 2 0
github.com/portainer/portainer-mcp/pkg/portainer/client/adapter.go:590.16,592.3 1 0
github.com/portainer/portainer-mcp/pkg/portainer/client/adapter.go:593.2,593.26 1 0
github.com/portainer/portainer-mcp/pkg/portainer/client/adapter.go:597.111,599.22 2 0
github.com/portainer/portainer-mcp/pkg/portainer/client/adapter.go:599.22,601.3 1 0
github.com/portainer/portainer-mcp/pkg/portainer/client/adapter.go:602.2,603.16 2 0
github.com/portainer/portainer-mcp/pkg/portainer/client/adapter.go:603.16,605.3 1 0
github.com/portainer/portainer-mcp/pkg/portainer/client/adapter.go:606.2,606.12 1 0
github.com/portainer/portainer-mcp/pkg/portainer/client/adapter.go:610.143,612.22 2 0
github.com/portainer/portainer-mcp/pkg/portainer/client/adapter.go:612.22,614.3 1 0
github.com/portainer/portainer-mcp/pkg/portainer/client/adapter.go:615.2,616.16 2 0
github.com/portainer/portainer-mcp/pkg/portainer/client/adapter.go:616.16,618.3 1 0
github.com/portainer/portainer-mcp/pkg/portainer/client/adapter.go:619.2,619.26 1 0
github.com/portainer/portainer-mcp/pkg/portainer/client/adapter.go:624.115,632.102 1 0
github.com/portainer/portainer-mcp/pkg/portainer/client/adapter.go:632.102,634.4 1 0
github.com/portainer/portainer-mcp/pkg/portainer/client/adapter.go:636.118,638.65 2 0
github.com/portainer/portainer-mcp/pkg/portainer/client/adapter.go:638.65,640.5 1 0
github.com/portainer/portainer-mcp/pkg/portainer/client/adapter.go:641.4,641.23 1 0
github.com/portainer/portainer-mcp/pkg/portainer/client/adapter.go:644.2,645.16 2 0
github.com/portainer/portainer-mcp/pkg/portainer/client/adapter.go:645.16,647.3 1 0
github.com/portainer/portainer-mcp/pkg/portainer/client/adapter.go:648.2,648.54 1 0
github.com/portainer/portainer-mcp/pkg/portainer/client/adapter.go:653.118,661.102 1 0
github.com/portainer/portainer-mcp/pkg/portainer/client/adapter.go:661.102,663.4 1 0
github.com/portainer/portainer-mcp/pkg/portainer/client/adapter.go:665.118,667.65 2 0
github.com/portainer/portainer-mcp/pkg/portainer/client/adapter.go:667.65,669.5 1 0
github.com/portainer/portainer-mcp/pkg/portainer/client/adapter.go:670.4,670.23 1 0
github.com/portainer/portainer-mcp/pkg/portainer/client/adapter.go:673.2,674.16 2 0
github.com/portainer/portainer-mcp/pkg/portainer/client/adapter.go:674.16,676.3 1 0
github.com/portainer/portainer-mcp/pkg/portainer/client/adapter.go:677.2,677.53 1 0
github.com/portainer/portainer-mcp/pkg/portainer/client/adapter.go:681.124,684.16 3 0
github.com/portainer/portainer-mcp/pkg/portainer/client/adapter.go:684.16,686.3 1 0
github.com/portainer/portainer-mcp/pkg/portainer/client/adapter.go:687.2,687.26 1 0
github.com/portainer/portainer-mcp/pkg/portainer/client/adapter.go:691.93,694.16 3 0
github.com/portainer/portainer-mcp/pkg/portainer/client/adapter.go:694.16,696.3 1 0
github.com/portainer/portainer-mcp/pkg/portainer/client/adapter.go:697.2,697.26 1 0
github.com/portainer/portainer-mcp/pkg/portainer/client/adapter.go:701.90,704.16 3 0
github.com/portainer/portainer-mcp/pkg/portainer/client/adapter.go:704.16,706.3 1 0
github.com/portainer/portainer-mcp/pkg/portainer/client/adapter.go:707.2,707.26 1 0
github.com/portainer/portainer-mcp/pkg/portainer/client/adapter.go:707.26,709.3 1 0
github.com/portainer/portainer-mcp/pkg/portainer/client/adapter.go:710.2,710.26 1 0
github.com/portainer/portainer-mcp/pkg/portainer/client/adapter.go:714.91,717.16 3 0
github.com/portainer/portainer-mcp/pkg/portainer/client/adapter.go:717.16,719.3 1 0
github.com/portainer/portainer-mcp/pkg/portainer/client/adapter.go:720.2,720.26 1 0
github.com/portainer/portainer-mcp/pkg/portainer/client/adapter.go:724.97,727.16 3 0
github.com/portainer/portainer-mcp/pkg/portainer/client/adapter.go:727.16,729.3 1 0
github.com/portainer/portainer-mcp/pkg/portainer/client/adapter.go:730.2,730.12 1 0
github.com/portainer/portainer-mcp/pkg/portainer/client/adapter.go:734.74,737.16 3 0
github.com/portainer/portainer-mcp/pkg/portainer/client/adapter.go:737.16,739.3 1 0
github.com/portainer/portainer-mcp/pkg/portainer/client/adapter.go:740.2,740.43 1 0
github.com/portainer/portainer-mcp/pkg/portainer/client/adapter.go:744.156,747.16 3 0
github.com/portainer/portainer-mcp/pkg/portainer/client/adapter.go:747.16,749.3 1 0
github.com/portainer/portainer-mcp/pkg/portainer/client/adapter.go:750.2,750.26 1 0
github.com/portainer/portainer-mcp/pkg/portainer/client/adapter.go:754.159,757.16 3 0
github.com/portainer/portainer-mcp/pkg/portainer/client/adapter.go:757.16,759.3 1 0
github.com/portainer/portainer-mcp/pkg/portainer/client/adapter.go:760.2,760.26 1 0
github.com/portainer/portainer-mcp/pkg/portainer/client/adapter.go:764.107,767.16 3 0
github.com/portainer/portainer-mcp/pkg/portainer/client/adapter.go:767.16,769.3 1 0
github.com/portainer/portainer-mcp/pkg/portainer/client/adapter.go:770.2,770.26 1 0
github.com/portainer/portainer-mcp/pkg/portainer/client/adapter.go:774.106,777.16 3 0
github.com/portainer/portainer-mcp/pkg/portainer/client/adapter.go:777.16,779.3 1 0
github.com/portainer/portainer-mcp/pkg/portainer/client/adapter.go:780.2,780.26 1 0
github.com/portainer/portainer-mcp/pkg/portainer/client/adapter.go:784.152,787.16 3 0
github.com/portainer/portainer-mcp/pkg/portainer/client/adapter.go:787.16,789.3 1 0
github.com/portainer/portainer-mcp/pkg/portainer/client/adapter.go:790.2,790.26 1 0
github.com/portainer/portainer-mcp/pkg/portainer/client/app_template.go:10.75,12.16 2 0
github.com/portainer/portainer-mcp/pkg/portainer/client/app_template.go:12.16,14.3 1 0
github.com/portainer/portainer-mcp/pkg/portainer/client/app_template.go:16.2,16.47 1 0
github.com/portainer/portainer-mcp/pkg/portainer/client/app_template.go:20.70,22.16 2 0
github.com/portainer/portainer-mcp/pkg/portainer/client/app_template.go:22.16,24.3 1 0
github.com/portainer/portainer-mcp/pkg/portainer/client/app_template.go:26.2,26.21 1 0
github.com/portainer/portainer-mcp/pkg/portainer/client/auth.go:19.100,21.16 2 1
github.com/portainer/portainer-mcp/pkg/portainer/client/auth.go:21.16,23.3 1 1
github.com/portainer/portainer-mcp/pkg/portainer/client/auth.go:25.2,27.8 1 1
github.com/portainer/portainer-mcp/pkg/portainer/client/auth.go:34.42,36.16 2 1
github.com/portainer/portainer-mcp/pkg/portainer/client/auth.go:36.16,38.3 1 1
github.com/portainer/portainer-mcp/pkg/portainer/client/auth.go:40.2,40.12 1 1
github.com/portainer/portainer-mcp/pkg/portainer/client/backup.go:11.74,13.16 2 1
github.com/portainer/portainer-mcp/pkg/portainer/client/backup.go:13.16,15.3 1 1
github.com/portainer/portainer-mcp/pkg/portainer/client/backup.go:17.2,17.47 1 1
github.com/portainer/portainer-mcp/pkg/portainer/client/backup.go:21.82,23.16 2 1
github.com/portainer/portainer-mcp/pkg/portainer/client/backup.go:23.16,25.3 1 1
github.com/portainer/portainer-mcp/pkg/portainer/client/backup.go:27.2,27.51 1 1
github.com/portainer/portainer-mcp/pkg/portainer/client/backup.go:31.63,33.2 1 1
github.com/portainer/portainer-mcp/pkg/portainer/client/backup.go:36.78,48.2 2 1
github.com/portainer/portainer-mcp/pkg/portainer/client/backup.go:51.142,63.2 2 1
github.com/portainer/portainer-mcp/pkg/portainer/client/client.go:129.48,130.32 1 1
github.com/portainer/portainer-mcp/pkg/portainer/client/client.go:130.32,132.3 1 1
github.com/portainer/portainer-mcp/pkg/portainer/client/client.go:145.96,150.27 2 1
github.com/portainer/portainer-mcp/pkg/portainer/client/client.go:150.27,152.3 1 1
github.com/portainer/portainer-mcp/pkg/portainer/client/client.go:154.2,156.3 1 1
github.com/portainer/portainer-mcp/pkg/portainer/client/custom_template.go:15.81,17.16 2 1
github.com/portainer/portainer-mcp/pkg/portainer/client/custom_template.go:17.16,19.3 1 1
github.com/portainer/portainer-mcp/pkg/portainer/client/custom_template.go:21.2,22.35 2 1
github.com/portainer/portainer-mcp/pkg/portainer/client/custom_template.go:22.35,24.3 1 1
github.com/portainer/portainer-mcp/pkg/portainer/client/custom_template.go:26.2,26.23 1 1
github.com/portainer/portainer-mcp/pkg/portainer/client/custom_template.go:37.84,39.16 2 1
github.com/portainer/portainer-mcp/pkg/portainer/client/custom_template.go:39.16,41.3 1 1
github.com/portainer/portainer-mcp/pkg/portainer/client/custom_template.go:43.2,43.54 1 1
github.com/portainer/portainer-mcp/pkg/portainer/client/custom_template.go:54.73,56.16 2 1
github.com/portainer/portainer-mcp/pkg/portainer/client/custom_template.go:56.16,58.3 1 1
github.com/portainer/portainer-mcp/pkg/portainer/client/custom_template.go:60.2,60.21 1 1
github.com/portainer/portainer-mcp/pkg/portainer/client/custom_template.go:77.141,90.16 4 1
github.com/portainer/portainer-mcp/pkg/portainer/client/custom_template.go:90.16,92.3 1 1
github.com/portainer/portainer-mcp/pkg/portainer/client/custom_template.go:94.2,94.25 1 1
github.com/portainer/portainer-mcp/pkg/portainer/client/custom_template.go:104.62,106.16 2 1
github.com/portainer/portainer-mcp/pkg/portainer/client/custom_template.go:106.16,108.3 1 1
github.com/portainer/portainer-mcp/pkg/portainer/client/custom_template.go:110.2,110.12 1 1
github.com/portainer/portainer-mcp/pkg/portainer/client/docker.go:19.97,21.16 2 0
github.com/portainer/portainer-mcp/pkg/portainer/client/docker.go:21.16,23.3 1 0
github.com/portainer/portainer-mcp/pkg/portainer/client/docker.go:25.2,25.56 1 0
github.com/portainer/portainer-mcp/pkg/portainer/client/docker.go:36.109,43.31 2 1
github.com/portainer/portainer-mcp/pkg/portainer/client/docker.go:43.31,45.3 1 1
github.com/portainer/portainer-mcp/pkg/portainer/client/docker.go:47.2,47.27 1 1
github.com/portainer/portainer-mcp/pkg/portainer/client/docker.go:47.27,49.3 1 1
github.com/portainer/portainer-mcp/pkg/portainer/client/docker.go:51.2,51.64 1 1
github.com/portainer/portainer-mcp/pkg/portainer/client/edge_job.go:15.67,17.16 2 1
github.com/portainer/portainer-mcp/pkg/portainer/client/edge_job.go:17.16,19.3 1 1
github.com/portainer/portainer-mcp/pkg/portainer/client/edge_job.go:21.2,22.30 2 1
github.com/portainer/portainer-mcp/pkg/portainer/client/edge_job.go:22.30,24.3 1 1
github.com/portainer/portainer-mcp/pkg/portainer/client/edge_job.go:26.2,26.18 1 1
github.com/portainer/portainer-mcp/pkg/portainer/client/edge_job.go:37.70,39.16 2 1
github.com/portainer/portainer-mcp/pkg/portainer/client/edge_job.go:39.16,41.3 1 1
github.com/portainer/portainer-mcp/pkg/portainer/client/edge_job.go:43.2,43.47 1 1
github.com/portainer/portainer-mcp/pkg/portainer/client/edge_job.go:54.66,56.16 2 1
github.com/portainer/portainer-mcp/pkg/portainer/client/edge_job.go:56.16,58.3 1 1
github.com/portainer/portainer-mcp/pkg/portainer/client/edge_job.go:60.2,60.21 1 1
github.com/portainer/portainer-mcp/pkg/portainer/client/edge_job.go:76.147,78.30 2 1
github.com/portainer/portainer-mcp/pkg/portainer/client/edge_job.go:78.30,80.3 1 1
github.com/portainer/portainer-mcp/pkg/portainer/client/edge_job.go:82.2,83.31 2 1
github.com/portainer/portainer-mcp/pkg/portainer/client/edge_job.go:83.31,85.3 1 1
github.com/portainer/portainer-mcp/pkg/portainer/client/edge_job.go:87.2,97.16 3 1
github.com/portainer/portainer-mcp/pkg/portainer/client/edge_job.go:97.16,99.3 1 1
github.com/portainer/portainer-mcp/pkg/portainer/client/edge_job.go:101.2,101.21 1 1
github.com/portainer/portainer-mcp/pkg/portainer/client/edge_job.go:111.55,113.16 2 1
github.com/portainer/portainer-mcp/pkg/portainer/client/edge_job.go:113.16,115.3 1 1
github.com/portainer/portainer-mcp/pkg/portainer/client/edge_job.go:117.2,117.12 1 1
github.com/portainer/portainer-mcp/pkg/portainer/client/edge_job.go:125.89,127.16 2 1
github.com/portainer/portainer-mcp/pkg/portainer/client/edge_job.go:127.16,129.3 1 1
github.com/portainer/portainer-mcp/pkg/portainer/client/edge_job.go:131.2,132.35 2 1
github.com/portainer/portainer-mcp/pkg/portainer/client/edge_job.go:132.35,134.3 1 1
github.com/portainer/portainer-mcp/pkg/portainer/client/edge_job.go:136.2,136.23 1 1
github.com/portainer/portainer-mcp/pkg/portainer/client/environment.go:15.75,17.16 2 1
github.com/portainer/portainer-mcp/pkg/portainer/client/environment.go:17.16,19.3 1 1
github.com/portainer/portainer-mcp/pkg/portainer/client/environment.go:21.2,22.37 2 1
github.com/portainer/portainer-mcp/pkg/portainer/client/environment.go:22.37,24.3 1 1
github.com/portainer/portainer-mcp/pkg/portainer/client/environment.go:26.2,26.26 1 1
github.com/portainer/portainer-mcp/pkg/portainer/client/environment.go:37.78,39.16 2 1
github.com/portainer/portainer-mcp/pkg/portainer/client/environment.go:39.16,41.3 1 1
github.com/portainer/portainer-mcp/pkg/portainer/client/environment.go:43.2,43.59 1 1
github.com/portainer/portainer-mcp/pkg/portainer/client/environment.go:53.59,55.16 2 1
github.com/portainer/portainer-mcp/pkg/portainer/client/environment.go:55.16,57.3 1 1
github.com/portainer/portainer-mcp/pkg/portainer/client/environment.go:58.2,58.12 1 1
github.com/portainer/portainer-mcp/pkg/portainer/client/environment.go:68.61,70.16 2 1
github.com/portainer/portainer-mcp/pkg/portainer/client/environment.go:70.16,72.3 1 1
github.com/portainer/portainer-mcp/pkg/portainer/client/environment.go:73.2,73.12 1 1
github.com/portainer/portainer-mcp/pkg/portainer/client/environment.go:80.59,82.16 2 1
github.com/portainer/portainer-mcp/pkg/portainer/client/environment.go:82.16,84.3 1 1
github.com/portainer/portainer-mcp/pkg/portainer/client/environment.go:85.2,85.12 1 1
github.com/portainer/portainer-mcp/pkg/portainer/client/environment.go:96.77,103.16 3 1
github.com/portainer/portainer-mcp/pkg/portainer/client/environment.go:103.16,105.3 1 1
github.com/portainer/portainer-mcp/pkg/portainer/client/environment.go:106.2,106.12 1 1
github.com/portainer/portainer-mcp/pkg/portainer/client/environment.go:124.100,131.16 3 1
github.com/portainer/portainer-mcp/pkg/portainer/client/environment.go:131.16,133.3 1 1
github.com/portainer/portainer-mcp/pkg/portainer/client/environment.go:134.2,134.12 1 1
github.com/portainer/portainer-mcp/pkg/portainer/client/environment.go:152.100,159.16 3 1
github.com/portainer/portainer-mcp/pkg/portainer/client/environment.go:159.16,161.3 1 1
github.com/portainer/portainer-mcp/pkg/portainer/client/environment.go:162.2,162.12 1 1
github.com/portainer/portainer-mcp/pkg/portainer/client/group.go:16.74,18.16 2 1
github.com/portainer/portainer-mcp/pkg/portainer/client/group.go:18.16,20.3 1 1
github.com/portainer/portainer-mcp/pkg/portainer/client/group.go:22.2,23.32 2 1
github.com/portainer/portainer-mcp/pkg/portainer/client/group.go:23.32,25.3 1 1
github.com/portainer/portainer-mcp/pkg/portainer/client/group.go:27.2,27.20 1 1
github.com/portainer/portainer-mcp/pkg/portainer/client/group.go:39.98,41.16 2 1
github.com/portainer/portainer-mcp/pkg/portainer/client/group.go:41.16,43.3 1 1
github.com/portainer/portainer-mcp/pkg/portainer/client/group.go:45.2,45.21 1 1
github.com/portainer/portainer-mcp/pkg/portainer/client/group.go:57.81,59.16 2 1
github.com/portainer/portainer-mcp/pkg/portainer/client/group.go:59.16,61.3 1 1
github.com/portainer/portainer-mcp/pkg/portainer/client/group.go:62.2,62.12 1 1
github.com/portainer/portainer-mcp/pkg/portainer/client/group.go:74.98,77.16 3 1
github.com/portainer/portainer-mcp/pkg/portainer/client/group.go:77.16,79.3 1 1
github.com/portainer/portainer-mcp/pkg/portainer/client/group.go:80.2,80.12 1 1
github.com/portainer/portainer-mcp/pkg/portainer/client/group.go:92.82,95.16 3 1
github.com/portainer/portainer-mcp/pkg/portainer/client/group.go:95.16,97.3 1 1
github.com/portainer/portainer-mcp/pkg/portainer/client/group.go:98.2,98.12 1 1
github.com/portainer/portainer-mcp/pkg/portainer/client/helm.go:11.94,13.16 2 0
github.com/portainer/portainer-mcp/pkg/portainer/client/helm.go:13.16,15.3 1 0
github.com/portainer/portainer-mcp/pkg/portainer/client/helm.go:17.2,17.53 1 0
github.com/portainer/portainer-mcp/pkg/portainer/client/helm.go:21.103,23.16 2 0
github.com/portainer/portainer-mcp/pkg/portainer/client/helm.go:23.16,25.3 1 0
github.com/portainer/portainer-mcp/pkg/portainer/client/helm.go:27.2,27.49 1 0
github.com/portainer/portainer-mcp/pkg/portainer/client/helm.go:31.84,33.16 2 0
github.com/portainer/portainer-mcp/pkg/portainer/client/helm.go:33.16,35.3 1 0
github.com/portainer/portainer-mcp/pkg/portainer/client/helm.go:37.2,37.12 1 0
github.com/portainer/portainer-mcp/pkg/portainer/client/helm.go:41.87,43.17 2 0
github.com/portainer/portainer-mcp/pkg/portainer/client/helm.go:43.17,45.3 1 0
github.com/portainer/portainer-mcp/pkg/portainer/client/helm.go:47.2,48.16 2 0
github.com/portainer/portainer-mcp/pkg/portainer/client/helm.go:48.16,50.3 1 0
github.com/portainer/portainer-mcp/pkg/portainer/client/helm.go:52.2,52.20 1 0
github.com/portainer/portainer-mcp/pkg/portainer/client/helm.go:56.152,67.16 3 0
github.com/portainer/portainer-mcp/pkg/portainer/client/helm.go:67.16,69.3 1 0
github.com/portainer/portainer-mcp/pkg/portainer/client/helm.go:71.2,71.53 1 0
github.com/portainer/portainer-mcp/pkg/portainer/client/helm.go:75.128,77.21 2 0
github.com/portainer/portainer-mcp/pkg/portainer/client/helm.go:77.21,79.3 1 0
github.com/portainer/portainer-mcp/pkg/portainer/client/helm.go:80.2,80.18 1 0
github.com/portainer/portainer-mcp/pkg/portainer/client/helm.go:80.18,82.3 1 0
github.com/portainer/portainer-mcp/pkg/portainer/client/helm.go:83.2,83.20 1 0
github.com/portainer/portainer-mcp/pkg/portainer/client/helm.go:83.20,85.3 1 0
github.com/portainer/portainer-mcp/pkg/portainer/client/helm.go:87.2,88.16 2 0
github.com/portainer/portainer-mcp/pkg/portainer/client/helm.go:88.16,90.3 1 0
github.com/portainer/portainer-mcp/pkg/portainer/client/helm.go:92.2,93.24 2 0
github.com/portainer/portainer-mcp/pkg/portainer/client/helm.go:93.24,95.3 1 0
github.com/portainer/portainer-mcp/pkg/portainer/client/helm.go:97.2,97.22 1 0
github.com/portainer/portainer-mcp/pkg/portainer/client/helm.go:101.97,103.21 2 0
github.com/portainer/portainer-mcp/pkg/portainer/client/helm.go:103.21,105.3 1 0
github.com/portainer/portainer-mcp/pkg/portainer/client/helm.go:107.2,108.16 2 0
github.com/portainer/portainer-mcp/pkg/portainer/client/helm.go:108.16,110.3 1 0
github.com/portainer/portainer-mcp/pkg/portainer/client/helm.go:112.2,112.12 1 0
github.com/portainer/portainer-mcp/pkg/portainer/client/helm.go:116.129,118.21 2 0
github.com/portainer/portainer-mcp/pkg/portainer/client/helm.go:118.21,120.3 1 0
github.com/portainer/portainer-mcp/pkg/portainer/client/helm.go:122.2,123.16 2 0
github.com/portainer/portainer-mcp/pkg/portainer/client/helm.go:123.16,125.3 1 0
github.com/portainer/portainer-mcp/pkg/portainer/client/helm.go:127.2,128.24 2 0
github.com/portainer/portainer-mcp/pkg/portainer/client/helm.go:128.24,130.3 1 0
github.com/portainer/portainer-mcp/pkg/portainer/client/helm.go:132.2,132.21 1 0
github.com/portainer/portainer-mcp/pkg/portainer/client/kubernetes.go:19.117,26.31 2 1
github.com/portainer/portainer-mcp/pkg/portainer/client/kubernetes.go:26.31,28.3 1 1
github.com/portainer/portainer-mcp/pkg/portainer/client/kubernetes.go:30.2,30.27 1 1
github.com/portainer/portainer-mcp/pkg/portainer/client/kubernetes.go:30.27,32.3 1 1
github.com/portainer/portainer-mcp/pkg/portainer/client/kubernetes.go:34.2,34.68 1 1
github.com/portainer/portainer-mcp/pkg/portainer/client/kubernetes.go:45.105,47.16 2 0
github.com/portainer/portainer-mcp/pkg/portainer/client/kubernetes.go:47.16,49.3 1 0
github.com/portainer/portainer-mcp/pkg/portainer/client/kubernetes.go:51.2,51.51 1 0
github.com/portainer/portainer-mcp/pkg/portainer/client/kubernetes.go:62.108,64.16 2 0
github.com/portainer/portainer-mcp/pkg/portainer/client/kubernetes.go:64.16,66.3 1 0
github.com/portainer/portainer-mcp/pkg/portainer/client/kubernetes.go:68.2,69.36 2 0
github.com/portainer/portainer-mcp/pkg/portainer/client/kubernetes.go:69.36,71.3 1 0
github.com/portainer/portainer-mcp/pkg/portainer/client/kubernetes.go:73.2,73.24 1 0
github.com/portainer/portainer-mcp/pkg/portainer/client/kubernetes.go:84.87,86.16 2 0
github.com/portainer/portainer-mcp/pkg/portainer/client/kubernetes.go:86.16,88.3 1 0
github.com/portainer/portainer-mcp/pkg/portainer/client/kubernetes.go:90.2,90.20 1 0
github.com/portainer/portainer-mcp/pkg/portainer/client/motd.go:8.58,10.16 2 1
github.com/portainer/portainer-mcp/pkg/portainer/client/motd.go:10.16,12.3 1 1
github.com/portainer/portainer-mcp/pkg/portainer/client/motd.go:14.2,14.46 1 1
github.com/portainer/portainer-mcp/pkg/portainer/client/registry.go:15.70,17.16 2 1
github.com/portainer/portainer-mcp/pkg/portainer/client/registry.go:17.16,19.3 1 1
github.com/portainer/portainer-mcp/pkg/portainer/client/registry.go:21.2,22.36 2 1
github.com/portainer/portainer-mcp/pkg/portainer/client/registry.go:22.36,24.3 1 1
github.com/portainer/portainer-mcp/pkg/portainer/client/registry.go:26.2,26.24 1 1
github.com/portainer/portainer-mcp/pkg/portainer/client/registry.go:37.72,39.16 2 1
github.com/portainer/portainer-mcp/pkg/portainer/client/registry.go:39.16,41.3 1 1
github.com/portainer/portainer-mcp/pkg/portainer/client/registry.go:43.2,43.62 1 1
github.com/portainer/portainer-mcp/pkg/portainer/client/registry.go:60.169,73.16 4 1
github.com/portainer/portainer-mcp/pkg/portainer/client/registry.go:73.16,75.3 1 1
github.com/portainer/portainer-mcp/pkg/portainer/client/registry.go:77.2,77.21 1 1
github.com/portainer/portainer-mcp/pkg/portainer/client/registry.go:95.158,97.16 2 1
github.com/portainer/portainer-mcp/pkg/portainer/client/registry.go:97.16,99.3 1 1
github.com/portainer/portainer-mcp/pkg/portainer/client/registry.go:101.2,102.17 2 1
github.com/portainer/portainer-mcp/pkg/portainer/client/registry.go:102.17,104.3 1 1
github.com/portainer/portainer-mcp/pkg/portainer/client/registry.go:106.2,107.16 2 1
github.com/portainer/portainer-mcp/pkg/portainer/client/registry.go:107.16,109.3 1 1
github.com/portainer/portainer-mcp/pkg/portainer/client/registry.go:111.2,112.27 2 1
github.com/portainer/portainer-mcp/pkg/portainer/client/registry.go:112.27,114.3 1 1
github.com/portainer/portainer-mcp/pkg/portainer/client/registry.go:116.2,117.21 2 1
github.com/portainer/portainer-mcp/pkg/portainer/client/registry.go:117.21,119.3 1 1
github.com/portainer/portainer-mcp/pkg/portainer/client/registry.go:121.2,122.21 2 1
github.com/portainer/portainer-mcp/pkg/portainer/client/registry.go:122.21,124.3 1 1
github.com/portainer/portainer-mcp/pkg/portainer/client/registry.go:126.2,127.20 2 1
github.com/portainer/portainer-mcp/pkg/portainer/client/registry.go:127.20,129.3 1 1
github.com/portainer/portainer-mcp/pkg/portainer/client/registry.go:131.2,141.16 3 1
github.com/portainer/portainer-mcp/pkg/portainer/client/registry.go:141.16,143.3 1 1
github.com/portainer/portainer-mcp/pkg/portainer/client/registry.go:145.2,145.12 1 1
github.com/portainer/portainer-mcp/pkg/portainer/client/registry.go:155.56,157.16 2 1
github.com/portainer/portainer-mcp/pkg/portainer/client/registry.go:157.16,159.3 1 1
github.com/portainer/portainer-mcp/pkg/portainer/client/registry.go:161.2,161.12 1 1
github.com/portainer/portainer-mcp/pkg/portainer/client/role.go:10.61,12.16 2 1
github.com/portainer/portainer-mcp/pkg/portainer/client/role.go:12.16,14.3 1 1
github.com/portainer/portainer-mcp/pkg/portainer/client/role.go:16.2,17.31 2 1
github.com/portainer/portainer-mcp/pkg/portainer/client/role.go:17.31,19.3 1 1
github.com/portainer/portainer-mcp/pkg/portainer/client/role.go:21.2,21.19 1 1
github.com/portainer/portainer-mcp/pkg/portainer/client/settings.go:12.75,14.16 2 1
github.com/portainer/portainer-mcp/pkg/portainer/client/settings.go:14.16,16.3 1 1
github.com/portainer/portainer-mcp/pkg/portainer/client/settings.go:18.2,18.65 1 1
github.com/portainer/portainer-mcp/pkg/portainer/client/settings.go:22.85,24.16 2 0
github.com/portainer/portainer-mcp/pkg/portainer/client/settings.go:24.16,26.3 1 0
github.com/portainer/portainer-mcp/pkg/portainer/client/settings.go:28.2,29.55 2 0
github.com/portainer/portainer-mcp/pkg/portainer/client/settings.go:29.55,31.3 1 0
github.com/portainer/portainer-mcp/pkg/portainer/client/settings.go:33.2,33.55 1 0
github.com/portainer/portainer-mcp/pkg/portainer/client/settings.go:33.55,35.3 1 0
github.com/portainer/portainer-mcp/pkg/portainer/client/settings.go:37.2,37.12 1 0
github.com/portainer/portainer-mcp/pkg/portainer/client/settings.go:41.78,43.16 2 0
github.com/portainer/portainer-mcp/pkg/portainer/client/settings.go:43.16,45.3 1 0
github.com/portainer/portainer-mcp/pkg/portainer/client/settings.go:47.2,47.49 1 0
github.com/portainer/portainer-mcp/pkg/portainer/client/ssl.go:11.72,13.16 2 0
github.com/portainer/portainer-mcp/pkg/portainer/client/ssl.go:13.16,15.3 1 0
github.com/portainer/portainer-mcp/pkg/portainer/client/ssl.go:17.2,17.46 1 0
github.com/portainer/portainer-mcp/pkg/portainer/client/ssl.go:21.88,27.24 2 0
github.com/portainer/portainer-mcp/pkg/portainer/client/ssl.go:27.24,29.3 1 0
github.com/portainer/portainer-mcp/pkg/portainer/client/ssl.go:31.2,31.57 1 0
github.com/portainer/portainer-mcp/pkg/portainer/client/ssl.go:31.57,33.3 1 0
github.com/portainer/portainer-mcp/pkg/portainer/client/ssl.go:35.2,35.12 1 0
github.com/portainer/portainer-mcp/pkg/portainer/client/stack.go:17.63,19.16 2 1
github.com/portainer/portainer-mcp/pkg/portainer/client/stack.go:19.16,21.3 1 1
github.com/portainer/portainer-mcp/pkg/portainer/client/stack.go:23.2,24.32 2 1
github.com/portainer/portainer-mcp/pkg/portainer/client/stack.go:24.32,26.3 1 1
github.com/portainer/portainer-mcp/pkg/portainer/client/stack.go:28.2,28.20 1 1
github.com/portainer/portainer-mcp/pkg/portainer/client/stack.go:37.77,39.16 2 0
github.com/portainer/portainer-mcp/pkg/portainer/client/stack.go:39.16,41.3 1 0
github.com/portainer/portainer-mcp/pkg/portainer/client/stack.go:43.2,44.30 2 0
github.com/portainer/portainer-mcp/pkg/portainer/client/stack.go:44.30,46.3 1 0
github.com/portainer/portainer-mcp/pkg/portainer/client/stack.go:48.2,48.20 1 0
github.com/portainer/portainer-mcp/pkg/portainer/client/stack.go:60.64,62.16 2 1
github.com/portainer/portainer-mcp/pkg/portainer/client/stack.go:62.16,64.3 1 1
github.com/portainer/portainer-mcp/pkg/portainer/client/stack.go:66.2,66.18 1 1
github.com/portainer/portainer-mcp/pkg/portainer/client/stack.go:81.98,83.16 2 1
github.com/portainer/portainer-mcp/pkg/portainer/client/stack.go:83.16,85.3 1 1
github.com/portainer/portainer-mcp/pkg/portainer/client/stack.go:87.2,87.21 1 1
github.com/portainer/portainer-mcp/pkg/portainer/client/stack.go:101.93,103.16 2 1
github.com/portainer/portainer-mcp/pkg/portainer/client/stack.go:103.16,105.3 1 1
github.com/portainer/portainer-mcp/pkg/portainer/client/stack.go:107.2,107.12 1 1
github.com/portainer/portainer-mcp/pkg/portainer/client/stack.go:118.77,120.16 2 0
github.com/portainer/portainer-mcp/pkg/portainer/client/stack.go:120.16,122.3 1 0
github.com/portainer/portainer-mcp/pkg/portainer/client/stack.go:124.2,124.45 1 0
github.com/portainer/portainer-mcp/pkg/portainer/client/stack.go:136.89,138.16 2 0
github.com/portainer/portainer-mcp/pkg/portainer/client/stack.go:138.16,140.3 1 0
github.com/portainer/portainer-mcp/pkg/portainer/client/stack.go:142.2,142.12 1 0
github.com/portainer/portainer-mcp/pkg/portainer/client/stack.go:153.68,155.16 2 0
github.com/portainer/portainer-mcp/pkg/portainer/client/stack.go:155.16,157.3 1 0
github.com/portainer/portainer-mcp/pkg/portainer/client/stack.go:159.2,159.21 1 0
github.com/portainer/portainer-mcp/pkg/portainer/client/stack.go:173.129,180.16 3 0
github.com/portainer/portainer-mcp/pkg/portainer/client/stack.go:180.16,182.3 1 0
github.com/portainer/portainer-mcp/pkg/portainer/client/stack.go:184.2,184.45 1 0
github.com/portainer/portainer-mcp/pkg/portainer/client/stack.go:198.125,205.16 3 0
github.com/portainer/portainer-mcp/pkg/portainer/client/stack.go:205.16,207.3 1 0
github.com/portainer/portainer-mcp/pkg/portainer/client/stack.go:209.2,209.45 1 0
github.com/portainer/portainer-mcp/pkg/portainer/client/stack.go:221.91,223.16 2 0
github.com/portainer/portainer-mcp/pkg/portainer/client/stack.go:223.16,225.3 1 0
github.com/portainer/portainer-mcp/pkg/portainer/client/stack.go:227.2,227.45 1 0
github.com/portainer/portainer-mcp/pkg/portainer/client/stack.go:239.90,241.16 2 0
github.com/portainer/portainer-mcp/pkg/portainer/client/stack.go:241.16,243.3 1 0
github.com/portainer/portainer-mcp/pkg/portainer/client/stack.go:245.2,245.45 1 0
github.com/portainer/portainer-mcp/pkg/portainer/client/stack.go:259.128,267.16 4 0
github.com/portainer/portainer-mcp/pkg/portainer/client/stack.go:267.16,269.3 1 0
github.com/portainer/portainer-mcp/pkg/portainer/client/stack.go:271.2,271.45 1 0
github.com/portainer/portainer-mcp/pkg/portainer/client/system.go:14.74,16.16 2 1
github.com/portainer/portainer-mcp/pkg/portainer/client/system.go:16.16,18.3 1 1
github.com/portainer/portainer-mcp/pkg/portainer/client/system.go:20.2,20.53 1 1
github.com/portainer/portainer-mcp/pkg/portainer/client/tag.go:15.81,17.16 2 1
github.com/portainer/portainer-mcp/pkg/portainer/client/tag.go:17.16,19.3 1 1
github.com/portainer/portainer-mcp/pkg/portainer/client/tag.go:21.2,22.27 2 1
github.com/portainer/portainer-mcp/pkg/portainer/client/tag.go:22.27,24.3 1 1
github.com/portainer/portainer-mcp/pkg/portainer/client/tag.go:26.2,26.29 1 1
github.com/portainer/portainer-mcp/pkg/portainer/client/tag.go:38.74,40.16 2 1
github.com/portainer/portainer-mcp/pkg/portainer/client/tag.go:40.16,42.3 1 1
github.com/portainer/portainer-mcp/pkg/portainer/client/tag.go:44.2,44.21 1 1
github.com/portainer/portainer-mcp/pkg/portainer/client/tag.go:54.62,56.16 2 1
github.com/portainer/portainer-mcp/pkg/portainer/client/tag.go:56.16,58.3 1 1
github.com/portainer/portainer-mcp/pkg/portainer/client/tag.go:60.2,60.12 1 1
github.com/portainer/portainer-mcp/pkg/portainer/client/team.go:14.61,16.16 2 1
github.com/portainer/portainer-mcp/pkg/portainer/client/team.go:16.16,18.3 1 1
github.com/portainer/portainer-mcp/pkg/portainer/client/team.go:21.2,22.16 2 1
github.com/portainer/portainer-mcp/pkg/portainer/client/team.go:22.16,24.3 1 1
github.com/portainer/portainer-mcp/pkg/portainer/client/team.go:26.2,27.38 2 1
github.com/portainer/portainer-mcp/pkg/portainer/client/team.go:27.38,29.3 1 1
github.com/portainer/portainer-mcp/pkg/portainer/client/team.go:31.2,31.19 1 1
github.com/portainer/portainer-mcp/pkg/portainer/client/team.go:42.64,44.16 2 1
github.com/portainer/portainer-mcp/pkg/portainer/client/team.go:44.16,46.3 1 1
github.com/portainer/portainer-mcp/pkg/portainer/client/team.go:48.2,49.16 2 1
github.com/portainer/portainer-mcp/pkg/portainer/client/team.go:49.16,51.3 1 1
github.com/portainer/portainer-mcp/pkg/portainer/client/team.go:53.2,53.62 1 1
github.com/portainer/portainer-mcp/pkg/portainer/client/team.go:63.52,65.16 2 1
github.com/portainer/portainer-mcp/pkg/portainer/client/team.go:65.16,67.3 1 1
github.com/portainer/portainer-mcp/pkg/portainer/client/team.go:69.2,69.12 1 1
github.com/portainer/portainer-mcp/pkg/portainer/client/team.go:77.69,79.2 1 1
github.com/portainer/portainer-mcp/pkg/portainer/client/team.go:89.64,91.16 2 1
github.com/portainer/portainer-mcp/pkg/portainer/client/team.go:91.16,93.3 1 1
github.com/portainer/portainer-mcp/pkg/portainer/client/team.go:95.2,95.21 1 1
github.com/portainer/portainer-mcp/pkg/portainer/client/team.go:103.78,105.16 2 1
github.com/portainer/portainer-mcp/pkg/portainer/client/team.go:105.16,107.3 1 1
github.com/portainer/portainer-mcp/pkg/portainer/client/team.go:110.2,113.41 2 1
github.com/portainer/portainer-mcp/pkg/portainer/client/team.go:113.41,114.41 1 1
github.com/portainer/portainer-mcp/pkg/portainer/client/team.go:114.41,120.31 4 1
github.com/portainer/portainer-mcp/pkg/portainer/client/team.go:120.31,121.26 1 1
github.com/portainer/portainer-mcp/pkg/portainer/client/team.go:121.26,123.11 2 1
github.com/portainer/portainer-mcp/pkg/portainer/client/team.go:128.4,128.19 1 1
github.com/portainer/portainer-mcp/pkg/portainer/client/team.go:128.19,129.74 1 1
github.com/portainer/portainer-mcp/pkg/portainer/client/team.go:129.74,131.6 1 1
github.com/portainer/portainer-mcp/pkg/portainer/client/team.go:137.2,137.33 1 1
github.com/portainer/portainer-mcp/pkg/portainer/client/team.go:137.33,139.30 1 1
github.com/portainer/portainer-mcp/pkg/portainer/client/team.go:139.30,140.12 1 1
github.com/portainer/portainer-mcp/pkg/portainer/client/team.go:144.3,144.68 1 1
github.com/portainer/portainer-mcp/pkg/portainer/client/team.go:144.68,146.4 1 1
github.com/portainer/portainer-mcp/pkg/portainer/client/team.go:149.2,149.12 1 1
github.com/portainer/portainer-mcp/pkg/portainer/client/user.go:14.61,16.16 2 1
github.com/portainer/portainer-mcp/pkg/portainer/client/user.go:16.16,18.3 1 1
github.com/portainer/portainer-mcp/pkg/portainer/client/user.go:20.2,21.38 2 1
github.com/portainer/portainer-mcp/pkg/portainer/client/user.go:21.38,23.3 1 1
github.com/portainer/portainer-mcp/pkg/portainer/client/user.go:25.2,25.19 1 1
github.com/portainer/portainer-mcp/pkg/portainer/client/user.go:38.84,40.18 2 1
github.com/portainer/portainer-mcp/pkg/portainer/client/user.go:40.18,42.3 1 1
github.com/portainer/portainer-mcp/pkg/portainer/client/user.go:44.2,45.16 2 1
github.com/portainer/portainer-mcp/pkg/portainer/client/user.go:45.16,47.3 1 1
github.com/portainer/portainer-mcp/pkg/portainer/client/user.go:49.2,49.21 1 1
github.com/portainer/portainer-mcp/pkg/portainer/client/user.go:60.64,62.16 2 1
github.com/portainer/portainer-mcp/pkg/portainer/client/user.go:62.16,64.3 1 1
github.com/portainer/portainer-mcp/pkg/portainer/client/user.go:66.2,66.49 1 1
github.com/portainer/portainer-mcp/pkg/portainer/client/user.go:76.52,78.16 2 1
github.com/portainer/portainer-mcp/pkg/portainer/client/user.go:78.16,80.3 1 1
github.com/portainer/portainer-mcp/pkg/portainer/client/user.go:82.2,82.12 1 1
github.com/portainer/portainer-mcp/pkg/portainer/client/user.go:93.69,95.18 2 1
github.com/portainer/portainer-mcp/pkg/portainer/client/user.go:95.18,97.3 1 1
github.com/portainer/portainer-mcp/pkg/portainer/client/user.go:99.2,99.42 1 1
github.com/portainer/portainer-mcp/pkg/portainer/client/user.go:103.37,104.14 1 1
github.com/portainer/portainer-mcp/pkg/portainer/client/user.go:105.28,106.32 1 1
github.com/portainer/portainer-mcp/pkg/portainer/client/user.go:107.27,108.31 1 1
github.com/portainer/portainer-mcp/pkg/portainer/client/user.go:109.32,110.36 1 1
github.com/portainer/portainer-mcp/pkg/portainer/client/user.go:111.10,112.11 1 1
[...]
github.com/portainer/portainer-mcp/internal/mcp/stack.go:187.3,187.73 1 1
github.com/portainer/portainer-mcp/internal/mcp/stack.go:187.73,189.4 1 1
github.com/portainer/portainer-mcp/internal/mcp/stack.go:191.3,192.17 2 1
github.com/portainer/portainer-mcp/internal/mcp/stack.go:192.17,194.4 1 0
github.com/portainer/portainer-mcp/internal/mcp/stack.go:196.3,197.17 2 1
github.com/portainer/portainer-mcp/internal/mcp/stack.go:197.17,199.4 1 1
github.com/portainer/portainer-mcp/internal/mcp/stack.go:201.3,201.66 1 1
github.com/portainer/portainer-mcp/internal/mcp/stack.go:206.78,207.93 1 1
github.com/portainer/portainer-mcp/internal/mcp/stack.go:207.93,211.17 3 1
github.com/portainer/portainer-mcp/internal/mcp/stack.go:211.17,213.4 1 1
github.com/portainer/portainer-mcp/internal/mcp/stack.go:214.3,214.54 1 1
github.com/portainer/portainer-mcp/internal/mcp/stack.go:214.54,216.4 1 1
github.com/portainer/portainer-mcp/internal/mcp/stack.go:218.3,219.17 2 1
github.com/portainer/portainer-mcp/internal/mcp/stack.go:219.17,221.4 1 1
github.com/portainer/portainer-mcp/internal/mcp/stack.go:223.3,223.45 1 1
github.com/portainer/portainer-mcp/internal/mcp/stack.go:228.76,229.93 1 1
github.com/portainer/portainer-mcp/internal/mcp/stack.go:229.93,233.17 3 1
github.com/portainer/portainer-mcp/internal/mcp/stack.go:233.17,235.4 1 1
github.com/portainer/portainer-mcp/internal/mcp/stack.go:236.3,236.54 1 1
github.com/portainer/portainer-mcp/internal/mcp/stack.go:236.54,238.4 1 1
github.com/portainer/portainer-mcp/internal/mcp/stack.go:240.3,241.17 2 1
github.com/portainer/portainer-mcp/internal/mcp/stack.go:241.17,243.4 1 1
github.com/portainer/portainer-mcp/internal/mcp/stack.go:244.3,244.73 1 1
github.com/portainer/portainer-mcp/internal/mcp/stack.go:244.73,246.4 1 1
github.com/portainer/portainer-mcp/internal/mcp/stack.go:248.3,249.17 2 1
github.com/portainer/portainer-mcp/internal/mcp/stack.go:249.17,251.4 1 0
github.com/portainer/portainer-mcp/internal/mcp/stack.go:253.3,254.17 2 1
github.com/portainer/portainer-mcp/internal/mcp/stack.go:254.17,256.4 1 0
github.com/portainer/portainer-mcp/internal/mcp/stack.go:258.3,259.17 2 1
github.com/portainer/portainer-mcp/internal/mcp/stack.go:259.17,261.4 1 1
github.com/portainer/portainer-mcp/internal/mcp/stack.go:263.3,263.54 1 1
github.com/portainer/portainer-mcp/internal/mcp/stack.go:268.78,269.93 1 1
github.com/portainer/portainer-mcp/internal/mcp/stack.go:269.93,273.17 3 1
github.com/portainer/portainer-mcp/internal/mcp/stack.go:273.17,275.4 1 1
github.com/portainer/portainer-mcp/internal/mcp/stack.go:276.3,276.54 1 1
github.com/portainer/portainer-mcp/internal/mcp/stack.go:276.54,278.4 1 1
github.com/portainer/portainer-mcp/internal/mcp/stack.go:280.3,281.17 2 1
github.com/portainer/portainer-mcp/internal/mcp/stack.go:281.17,283.4 1 1
github.com/portainer/portainer-mcp/internal/mcp/stack.go:284.3,284.73 1 1
github.com/portainer/portainer-mcp/internal/mcp/stack.go:284.73,286.4 1 0
github.com/portainer/portainer-mcp/internal/mcp/stack.go:288.3,289.17 2 1
github.com/portainer/portainer-mcp/internal/mcp/stack.go:289.17,291.4 1 0
github.com/portainer/portainer-mcp/internal/mcp/stack.go:293.3,294.17 2 1
github.com/portainer/portainer-mcp/internal/mcp/stack.go:294.17,296.4 1 0
github.com/portainer/portainer-mcp/internal/mcp/stack.go:298.3,299.17 2 1
github.com/portainer/portainer-mcp/internal/mcp/stack.go:299.17,301.4 1 1
github.com/portainer/portainer-mcp/internal/mcp/stack.go:303.3,303.54 1 1
github.com/portainer/portainer-mcp/internal/mcp/stack.go:308.72,309.93 1 1
github.com/portainer/portainer-mcp/internal/mcp/stack.go:309.93,313.17 3 1
github.com/portainer/portainer-mcp/internal/mcp/stack.go:313.17,315.4 1 1
github.com/portainer/portainer-mcp/internal/mcp/stack.go:316.3,316.54 1 1
github.com/portainer/portainer-mcp/internal/mcp/stack.go:316.54,318.4 1 1
github.com/portainer/portainer-mcp/internal/mcp/stack.go:320.3,321.17 2 1
github.com/portainer/portainer-mcp/internal/mcp/stack.go:321.17,323.4 1 1
github.com/portainer/portainer-mcp/internal/mcp/stack.go:324.3,324.73 1 1
github.com/portainer/portainer-mcp/internal/mcp/stack.go:324.73,326.4 1 1
github.com/portainer/portainer-mcp/internal/mcp/stack.go:328.3,329.17 2 1
github.com/portainer/portainer-mcp/internal/mcp/stack.go:329.17,331.4 1 1
github.com/portainer/portainer-mcp/internal/mcp/stack.go:333.3,333.54 1 1
github.com/portainer/portainer-mcp/internal/mcp/stack.go:338.71,339.93 1 1
github.com/portainer/portainer-mcp/internal/mcp/stack.go:339.93,343.17 3 1
github.com/portainer/portainer-mcp/internal/mcp/stack.go:343.17,345.4 1 1
github.com/portainer/portainer-mcp/internal/mcp/stack.go:346.3,346.54 1 1
github.com/portainer/portainer-mcp/internal/mcp/stack.go:346.54,348.4 1 1
github.com/portainer/portainer-mcp/internal/mcp/stack.go:350.3,351.17 2 1
github.com/portainer/portainer-mcp/internal/mcp/stack.go:351.17,353.4 1 1
github.com/portainer/portainer-mcp/internal/mcp/stack.go:354.3,354.73 1 1
github.com/portainer/portainer-mcp/internal/mcp/stack.go:354.73,356.4 1 0
github.com/portainer/portainer-mcp/internal/mcp/stack.go:358.3,359.17 2 1
github.com/portainer/portainer-mcp/internal/mcp/stack.go:359.17,361.4 1 1
github.com/portainer/portainer-mcp/internal/mcp/stack.go:363.3,363.54 1 1
github.com/portainer/portainer-mcp/internal/mcp/stack.go:368.74,369.93 1 1
github.com/portainer/portainer-mcp/internal/mcp/stack.go:369.93,373.17 3 1
github.com/portainer/portainer-mcp/internal/mcp/stack.go:373.17,375.4 1 1
github.com/portainer/portainer-mcp/internal/mcp/stack.go:376.3,376.54 1 1
github.com/portainer/portainer-mcp/internal/mcp/stack.go:376.54,378.4 1 1
github.com/portainer/portainer-mcp/internal/mcp/stack.go:380.3,381.17 2 1
github.com/portainer/portainer-mcp/internal/mcp/stack.go:381.17,383.4 1 1
github.com/portainer/portainer-mcp/internal/mcp/stack.go:384.3,384.73 1 1
github.com/portainer/portainer-mcp/internal/mcp/stack.go:384.73,386.4 1 1
github.com/portainer/portainer-mcp/internal/mcp/stack.go:388.3,389.17 2 1
github.com/portainer/portainer-mcp/internal/mcp/stack.go:389.17,391.4 1 1
github.com/portainer/portainer-mcp/internal/mcp/stack.go:392.3,392.85 1 1
github.com/portainer/portainer-mcp/internal/mcp/stack.go:392.85,394.4 1 1
github.com/portainer/portainer-mcp/internal/mcp/stack.go:396.3,397.17 2 1
github.com/portainer/portainer-mcp/internal/mcp/stack.go:397.17,399.4 1 0
github.com/portainer/portainer-mcp/internal/mcp/stack.go:401.3,402.17 2 1
github.com/portainer/portainer-mcp/internal/mcp/stack.go:402.17,404.4 1 1
github.com/portainer/portainer-mcp/internal/mcp/stack.go:406.3,406.54 1 1
github.com/portainer/portainer-mcp/internal/mcp/system.go:11.50,13.2 1 1
github.com/portainer/portainer-mcp/internal/mcp/system.go:16.77,17.93 1 1
github.com/portainer/portainer-mcp/internal/mcp/system.go:17.93,19.17 2 1
github.com/portainer/portainer-mcp/internal/mcp/system.go:19.17,21.4 1 1
github.com/portainer/portainer-mcp/internal/mcp/system.go:23.3,23.63 1 1
github.com/portainer/portainer-mcp/internal/mcp/tag.go:13.47,16.17 2 1
github.com/portainer/portainer-mcp/internal/mcp/tag.go:16.17,19.3 2 1
github.com/portainer/portainer-mcp/internal/mcp/tag.go:23.80,24.93 1 1
github.com/portainer/portainer-mcp/internal/mcp/tag.go:24.93,26.17 2 1
github.com/portainer/portainer-mcp/internal/mcp/tag.go:26.17,28.4 1 1
github.com/portainer/portainer-mcp/internal/mcp/tag.go:30.3,30.75 1 1
github.com/portainer/portainer-mcp/internal/mcp/tag.go:35.82,36.93 1 1
github.com/portainer/portainer-mcp/internal/mcp/tag.go:36.93,40.17 3 1
github.com/portainer/portainer-mcp/internal/mcp/tag.go:40.17,42.4 1 1
github.com/portainer/portainer-mcp/internal/mcp/tag.go:43.3,43.44 1 1
github.com/portainer/portainer-mcp/internal/mcp/tag.go:43.44,45.4 1 0
github.com/portainer/portainer-mcp/internal/mcp/tag.go:47.3,48.17 2 1
github.com/portainer/portainer-mcp/internal/mcp/tag.go:48.17,50.4 1 1
github.com/portainer/portainer-mcp/internal/mcp/tag.go:52.3,52.105 1 1
github.com/portainer/portainer-mcp/internal/mcp/tag.go:57.82,58.93 1 1
github.com/portainer/portainer-mcp/internal/mcp/tag.go:58.93,62.17 3 1
github.com/portainer/portainer-mcp/internal/mcp/tag.go:62.17,64.4 1 1
github.com/portainer/portainer-mcp/internal/mcp/tag.go:66.3,67.17 2 1
github.com/portainer/portainer-mcp/internal/mcp/tag.go:67.17,69.4 1 1
github.com/portainer/portainer-mcp/internal/mcp/tag.go:71.3,71.76 1 1
github.com/portainer/portainer-mcp/internal/mcp/team.go:13.48,17.17 3 1
github.com/portainer/portainer-mcp/internal/mcp/team.go:17.17,22.3 4 1
github.com/portainer/portainer-mcp/internal/mcp/team.go:26.72,27.93 1 1
github.com/portainer/portainer-mcp/internal/mcp/team.go:27.93,31.17 3 1
github.com/portainer/portainer-mcp/internal/mcp/team.go:31.17,33.4 1 1
github.com/portainer/portainer-mcp/internal/mcp/team.go:34.3,34.44 1 1
github.com/portainer/portainer-mcp/internal/mcp/team.go:34.44,36.4 1 0
github.com/portainer/portainer-mcp/internal/mcp/team.go:38.3,39.17 2 1
github.com/portainer/portainer-mcp/internal/mcp/team.go:39.17,41.4 1 1
github.com/portainer/portainer-mcp/internal/mcp/team.go:43.3,43.98 1 1
github.com/portainer/portainer-mcp/internal/mcp/team.go:48.70,49.93 1 1
github.com/portainer/portainer-mcp/internal/mcp/team.go:49.93,51.17 2 1
github.com/portainer/portainer-mcp/internal/mcp/team.go:51.17,53.4 1 1
github.com/portainer/portainer-mcp/internal/mcp/team.go:55.3,55.54 1 1
github.com/portainer/portainer-mcp/internal/mcp/team.go:60.69,61.93 1 1
github.com/portainer/portainer-mcp/internal/mcp/team.go:61.93,65.17 3 1
github.com/portainer/portainer-mcp/internal/mcp/team.go:65.17,67.4 1 1
github.com/portainer/portainer-mcp/internal/mcp/team.go:69.3,70.17 2 1
github.com/portainer/portainer-mcp/internal/mcp/team.go:70.17,72.4 1 1
github.com/portainer/portainer-mcp/internal/mcp/team.go:74.3,74.52 1 1
github.com/portainer/portainer-mcp/internal/mcp/team.go:79.72,80.93 1 1
github.com/portainer/portainer-mcp/internal/mcp/team.go:80.93,84.17 3 1
github.com/portainer/portainer-mcp/internal/mcp/team.go:84.17,86.4 1 1
github.com/portainer/portainer-mcp/internal/mcp/team.go:88.3,89.17 2 1
github.com/portainer/portainer-mcp/internal/mcp/team.go:89.17,91.4 1 1
github.com/portainer/portainer-mcp/internal/mcp/team.go:93.3,93.65 1 1
github.com/portainer/portainer-mcp/internal/mcp/team.go:98.76,99.93 1 1
github.com/portainer/portainer-mcp/internal/mcp/team.go:99.93,103.17 3 1
github.com/portainer/portainer-mcp/internal/mcp/team.go:103.17,105.4 1 1
github.com/portainer/portainer-mcp/internal/mcp/team.go:107.3,108.17 2 1
github.com/portainer/portainer-mcp/internal/mcp/team.go:108.17,110.4 1 1
github.com/portainer/portainer-mcp/internal/mcp/team.go:111.3,111.44 1 1
github.com/portainer/portainer-mcp/internal/mcp/team.go:111.44,113.4 1 0
github.com/portainer/portainer-mcp/internal/mcp/team.go:115.3,116.17 2 1
github.com/portainer/portainer-mcp/internal/mcp/team.go:116.17,118.4 1 1
github.com/portainer/portainer-mcp/internal/mcp/team.go:120.3,120.70 1 1
github.com/portainer/portainer-mcp/internal/mcp/team.go:125.79,126.93 1 1
github.com/portainer/portainer-mcp/internal/mcp/team.go:126.93,130.17 3 1
github.com/portainer/portainer-mcp/internal/mcp/team.go:130.17,132.4 1 1
github.com/portainer/portainer-mcp/internal/mcp/team.go:134.3,135.17 2 1
github.com/portainer/portainer-mcp/internal/mcp/team.go:135.17,137.4 1 1
github.com/portainer/portainer-mcp/internal/mcp/team.go:139.3,140.17 2 1
github.com/portainer/portainer-mcp/internal/mcp/team.go:140.17,142.4 1 1
github.com/portainer/portainer-mcp/internal/mcp/team.go:144.3,144.73 1 1
github.com/portainer/portainer-mcp/internal/mcp/user.go:13.48,17.17 3 1
github.com/portainer/portainer-mcp/internal/mcp/user.go:17.17,21.3 3 1
github.com/portainer/portainer-mcp/internal/mcp/user.go:25.70,26.93 1 1
github.com/portainer/portainer-mcp/internal/mcp/user.go:26.93,28.17 2 1
github.com/portainer/portainer-mcp/internal/mcp/user.go:28.17,30.4 1 1
github.com/portainer/portainer-mcp/internal/mcp/user.go:32.3,32.54 1 1
github.com/portainer/portainer-mcp/internal/mcp/user.go:37.76,38.93 1 1
github.com/portainer/portainer-mcp/internal/mcp/user.go:38.93,42.17 3 1
github.com/portainer/portainer-mcp/internal/mcp/user.go:42.17,44.4 1 1
github.com/portainer/portainer-mcp/internal/mcp/user.go:45.3,45.54 1 1
github.com/portainer/portainer-mcp/internal/mcp/user.go:45.54,47.4 1 0
github.com/portainer/portainer-mcp/internal/mcp/user.go:49.3,50.17 2 1
github.com/portainer/portainer-mcp/internal/mcp/user.go:50.17,52.4 1 1
github.com/portainer/portainer-mcp/internal/mcp/user.go:54.3,54.29 1 1
github.com/portainer/portainer-mcp/internal/mcp/user.go:54.29,56.4 1 1
github.com/portainer/portainer-mcp/internal/mcp/user.go:58.3,59.17 2 1
github.com/portainer/portainer-mcp/internal/mcp/user.go:59.17,61.4 1 1
github.com/portainer/portainer-mcp/internal/mcp/user.go:63.3,63.65 1 1
github.com/portainer/portainer-mcp/internal/mcp/user.go:68.72,69.93 1 1
github.com/portainer/portainer-mcp/internal/mcp/user.go:69.93,73.17 3 1
github.com/portainer/portainer-mcp/internal/mcp/user.go:73.17,75.4 1 1
github.com/portainer/portainer-mcp/internal/mcp/user.go:77.3,78.17 2 1
github.com/portainer/portainer-mcp/internal/mcp/user.go:78.17,80.4 1 0
github.com/portainer/portainer-mcp/internal/mcp/user.go:82.3,83.17 2 1
github.com/portainer/portainer-mcp/internal/mcp/user.go:83.17,85.4 1 0
github.com/portainer/portainer-mcp/internal/mcp/user.go:87.3,87.29 1 1
github.com/portainer/portainer-mcp/internal/mcp/user.go:87.29,89.4 1 1
github.com/portainer/portainer-mcp/internal/mcp/user.go:91.3,92.17 2 1
github.com/portainer/portainer-mcp/internal/mcp/user.go:92.17,94.4 1 1
github.com/portainer/portainer-mcp/internal/mcp/user.go:96.3,96.94 1 1
github.com/portainer/portainer-mcp/internal/mcp/user.go:101.69,102.93 1 1
github.com/portainer/portainer-mcp/internal/mcp/user.go:102.93,106.17 3 1
github.com/portainer/portainer-mcp/internal/mcp/user.go:106.17,108.4 1 1
github.com/portainer/portainer-mcp/internal/mcp/user.go:109.3,109.54 1 1
github.com/portainer/portainer-mcp/internal/mcp/user.go:109.54,111.4 1 0
github.com/portainer/portainer-mcp/internal/mcp/user.go:113.3,114.17 2 1
github.com/portainer/portainer-mcp/internal/mcp/user.go:114.17,116.4 1 1
github.com/portainer/portainer-mcp/internal/mcp/user.go:118.3,118.52 1 1
github.com/portainer/portainer-mcp/internal/mcp/user.go:123.72,124.93 1 1
github.com/portainer/portainer-mcp/internal/mcp/user.go:124.93,128.17 3 1
github.com/portainer/portainer-mcp/internal/mcp/user.go:128.17,130.4 1 1
github.com/portainer/portainer-mcp/internal/mcp/user.go:131.3,131.54 1 1
github.com/portainer/portainer-mcp/internal/mcp/user.go:131.54,133.4 1 0
github.com/portainer/portainer-mcp/internal/mcp/user.go:135.3,136.17 2 1
github.com/portainer/portainer-mcp/internal/mcp/user.go:136.17,138.4 1 1
github.com/portainer/portainer-mcp/internal/mcp/user.go:140.3,140.65 1 1
github.com/portainer/portainer-mcp/internal/mcp/utils.go:14.70,16.16 2 1
github.com/portainer/portainer-mcp/internal/mcp/utils.go:16.16,18.3 1 0
github.com/portainer/portainer-mcp/internal/mcp/utils.go:19.2,19.49 1 1
github.com/portainer/portainer-mcp/internal/mcp/utils.go:23.38,24.35 1 1
github.com/portainer/portainer-mcp/internal/mcp/utils.go:24.35,26.3 1 0
github.com/portainer/portainer-mcp/internal/mcp/utils.go:27.2,27.12 1 1
github.com/portainer/portainer-mcp/internal/mcp/utils.go:31.52,32.13 1 1
github.com/portainer/portainer-mcp/internal/mcp/utils.go:32.13,34.3 1 1
github.com/portainer/portainer-mcp/internal/mcp/utils.go:35.2,35.12 1 1
github.com/portainer/portainer-mcp/internal/mcp/utils.go:39.39,41.16 2 1
github.com/portainer/portainer-mcp/internal/mcp/utils.go:41.16,43.3 1 0
github.com/portainer/portainer-mcp/internal/mcp/utils.go:44.2,44.68 1 1
github.com/portainer/portainer-mcp/internal/mcp/utils.go:44.68,46.3 1 0
github.com/portainer/portainer-mcp/internal/mcp/utils.go:47.2,47.18 1 1
github.com/portainer/portainer-mcp/internal/mcp/utils.go:47.18,49.3 1 0
github.com/portainer/portainer-mcp/internal/mcp/utils.go:50.2,50.12 1 1
github.com/portainer/portainer-mcp/internal/mcp/utils.go:55.48,56.38 1 1
github.com/portainer/portainer-mcp/internal/mcp/utils.go:56.38,58.3 1 0
github.com/portainer/portainer-mcp/internal/mcp/utils.go:59.2,60.65 2 1
github.com/portainer/portainer-mcp/internal/mcp/utils.go:60.65,62.3 1 0
github.com/portainer/portainer-mcp/internal/mcp/utils.go:63.2,63.12 1 1
github.com/portainer/portainer-mcp/internal/mcp/utils.go:67.60,70.32 2 1
github.com/portainer/portainer-mcp/internal/mcp/utils.go:70.32,72.10 2 1
github.com/portainer/portainer-mcp/internal/mcp/utils.go:72.10,74.4 1 1
github.com/portainer/portainer-mcp/internal/mcp/utils.go:76.3,77.10 2 1
github.com/portainer/portainer-mcp/internal/mcp/utils.go:77.10,79.4 1 1
github.com/portainer/portainer-mcp/internal/mcp/utils.go:81.3,82.10 2 1
github.com/portainer/portainer-mcp/internal/mcp/utils.go:82.10,84.4 1 1
github.com/portainer/portainer-mcp/internal/mcp/utils.go:86.3,86.34 1 1
github.com/portainer/portainer-mcp/internal/mcp/utils.go:86.34,88.4 1 1
github.com/portainer/portainer-mcp/internal/mcp/utils.go:90.3,90.30 1 1
github.com/portainer/portainer-mcp/internal/mcp/utils.go:93.2,93.23 1 1
github.com/portainer/portainer-mcp/internal/mcp/utils.go:98.63,101.29 2 1
github.com/portainer/portainer-mcp/internal/mcp/utils.go:101.29,103.10 2 1
github.com/portainer/portainer-mcp/internal/mcp/utils.go:103.10,105.4 1 1
github.com/portainer/portainer-mcp/internal/mcp/utils.go:107.3,108.10 2 1
github.com/portainer/portainer-mcp/internal/mcp/utils.go:108.10,110.4 1 1
github.com/portainer/portainer-mcp/internal/mcp/utils.go:112.3,113.10 2 1
github.com/portainer/portainer-mcp/internal/mcp/utils.go:113.10,115.4 1 1
github.com/portainer/portainer-mcp/internal/mcp/utils.go:117.3,117.25 1 1
github.com/portainer/portainer-mcp/internal/mcp/utils.go:120.2,120.23 1 1
github.com/portainer/portainer-mcp/internal/mcp/utils.go:125.64,131.2 1 1
github.com/portainer/portainer-mcp/internal/mcp/webhook.go:13.51,16.17 2 1
github.com/portainer/portainer-mcp/internal/mcp/webhook.go:16.17,19.3 2 1
github.com/portainer/portainer-mcp/internal/mcp/webhook.go:23.74,24.93 1 1
github.com/portainer/portainer-mcp/internal/mcp/webhook.go:24.93,26.17 2 1
github.com/portainer/portainer-mcp/internal/mcp/webhook.go:26.17,28.4 1 1
github.com/portainer/portainer-mcp/internal/mcp/webhook.go:30.3,30.60 1 1
github.com/portainer/portainer-mcp/internal/mcp/webhook.go:35.75,36.93 1 1
github.com/portainer/portainer-mcp/internal/mcp/webhook.go:36.93,40.17 3 1
github.com/portainer/portainer-mcp/internal/mcp/webhook.go:40.17,42.4 1 1
github.com/portainer/portainer-mcp/internal/mcp/webhook.go:44.3,45.17 2 1
github.com/portainer/portainer-mcp/internal/mcp/webhook.go:45.17,47.4 1 1
github.com/portainer/portainer-mcp/internal/mcp/webhook.go:48.3,48.70 1 1
github.com/portainer/portainer-mcp/internal/mcp/webhook.go:48.70,50.4 1 0
github.com/portainer/portainer-mcp/internal/mcp/webhook.go:52.3,53.17 2 1
github.com/portainer/portainer-mcp/internal/mcp/webhook.go:53.17,55.4 1 1
github.com/portainer/portainer-mcp/internal/mcp/webhook.go:56.3,56.39 1 1
github.com/portainer/portainer-mcp/internal/mcp/webhook.go:56.39,58.4 1 0
github.com/portainer/portainer-mcp/internal/mcp/webhook.go:60.3,61.17 2 1
github.com/portainer/portainer-mcp/internal/mcp/webhook.go:61.17,63.4 1 1
github.com/portainer/portainer-mcp/internal/mcp/webhook.go:65.3,65.97 1 1
github.com/portainer/portainer-mcp/internal/mcp/webhook.go:70.75,71.93 1 1
github.com/portainer/portainer-mcp/internal/mcp/webhook.go:71.93,75.17 3 1
github.com/portainer/portainer-mcp/internal/mcp/webhook.go:75.17,77.4 1 1
github.com/portainer/portainer-mcp/internal/mcp/webhook.go:78.3,78.54 1 1
github.com/portainer/portainer-mcp/internal/mcp/webhook.go:78.54,80.4 1 0
github.com/portainer/portainer-mcp/internal/mcp/webhook.go:82.3,83.17 2 1
github.com/portainer/portainer-mcp/internal/mcp/webhook.go:83.17,85.4 1 1
github.com/portainer/portainer-mcp/internal/mcp/webhook.go:87.3,87.68 1 1
